The target system is: Generic - 1 - 
The host system is: Darwin - 18.6.0 - x86_64
Compiling the C compiler identification source file "CMakeCCompilerId.c" succeeded.
Compiler: /usr/local/bin/arm-none-eabi-gcc 
Build flags: 
Id flags: -c 

The output was:
0


Compilation of the C compiler identification source "CMakeCCompilerId.c" produced "CMakeCCompilerId.o"

The C compiler identification is GNU, found in "/Users/vitaliy/rg69_bme280/cmake-build-debug/CMakeFiles/3.14.3/CompilerIdC/CMakeCCompilerId.o"

Compiling the CXX compiler identification source file "CMakeCXXCompilerId.cpp" succeeded.
Compiler: /usr/local/bin/arm-none-eabi-g++ 
Build flags: 
Id flags: -c 

The output was:
0


Compilation of the CXX compiler identification source "CMakeCXXCompilerId.cpp" produced "CMakeCXXCompilerId.o"

The CXX compiler identification is GNU, found in "/Users/vitaliy/rg69_bme280/cmake-build-debug/CMakeFiles/3.14.3/CompilerIdCXX/CMakeCXXCompilerId.o"

Checking whether the ASM compiler is GNU using "--version" matched "(GNU assembler)|(GCC)|(Free Software Foundation)":
arm-none-eabi-gcc (GNU Tools for ARM Embedded Processors 6-2017-q2-update) 6.3.1 20170620 (release) [ARM/embedded-6-branch revision 249437]
Copyright (C) 2016 Free Software Foundation, Inc.
This is free software; see the source for copying conditions.  There is NO
warranty; not even for MERCHANTABILITY or FITNESS FOR A PARTICULAR PURPOSE.

Detecting C compiler ABI info compiled with the following output:
Change Dir: /Users/vitaliy/rg69_bme280/cmake-build-debug/CMakeFiles/CMakeTmp

Run Build Command(s):/usr/local/bin/gmake cmTC_13373/fast 
/usr/local/bin/gmake -f CMakeFiles/cmTC_13373.dir/build.make CMakeFiles/cmTC_13373.dir/build
gmake[1]: Entering directory '/Users/vitaliy/rg69_bme280/cmake-build-debug/CMakeFiles/CMakeTmp'
Building C object CMakeFiles/cmTC_13373.dir/CMakeCCompilerABI.c.obj
/usr/local/bin/arm-none-eabi-gcc   -mcpu=cortex-m0  -mthumb -mthumb-interwork -ffunction-sections -fdata-sections     -g -fno-common -fmessage-length=0 -specs=nosys.specs -specs=nano.specs -std=gnu99    -v -o CMakeFiles/cmTC_13373.dir/CMakeCCompilerABI.c.obj   -c /Applications/CLion.app/Contents/bin/cmake/mac/share/cmake-3.14/Modules/CMakeCCompilerABI.c
Using built-in specs.
Reading specs from /usr/local/Cellar/gcc-arm-none-eabi-63/20170628/bin/../lib/gcc/arm-none-eabi/6.3.1/../../../../arm-none-eabi/lib/nosys.specs
rename spec link_gcc_c_sequence to nosys_link_gcc_c_sequence
Reading specs from /usr/local/Cellar/gcc-arm-none-eabi-63/20170628/bin/../lib/gcc/arm-none-eabi/6.3.1/../../../../arm-none-eabi/lib/nano.specs
rename spec link to nano_link
rename spec link_gcc_c_sequence to nano_link_gcc_c_sequence
rename spec cpp_unique_options to nano_cpp_unique_options
COLLECT_GCC=/usr/local/bin/arm-none-eabi-gcc
Target: arm-none-eabi
Configured with: /tmp/jenkins-GCC-6-build_build-toolchain-mac-262_20170621_1498074986/src/gcc/configure --target=arm-none-eabi --prefix=/tmp/jenkins-GCC-6-build_build-toolchain-mac-262_20170621_1498074986/install-native --libexecdir=/tmp/jenkins-GCC-6-build_build-toolchain-mac-262_20170621_1498074986/install-native/lib --infodir=/tmp/jenkins-GCC-6-build_build-toolchain-mac-262_20170621_1498074986/install-native/share/doc/gcc-arm-none-eabi/info --mandir=/tmp/jenkins-GCC-6-build_build-toolchain-mac-262_20170621_1498074986/install-native/share/doc/gcc-arm-none-eabi/man --htmldir=/tmp/jenkins-GCC-6-build_build-toolchain-mac-262_20170621_1498074986/install-native/share/doc/gcc-arm-none-eabi/html --pdfdir=/tmp/jenkins-GCC-6-build_build-toolchain-mac-262_20170621_1498074986/install-native/share/doc/gcc-arm-none-eabi/pdf --enable-languages=c,c++ --enable-plugins --disable-decimal-float --disable-libffi --disable-libgomp --disable-libmudflap --disable-libquadmath --disable-libssp --disable-libstdcxx-pch --disable-nls --disable-shared --disable-threads --disable-tls --with-gnu-as --with-gnu-ld --with-newlib --with-headers=yes --with-python-dir=share/gcc-arm-none-eabi --with-sysroot=/tmp/jenkins-GCC-6-build_build-toolchain-mac-262_20170621_1498074986/install-native/arm-none-eabi --build=x86_64-apple-darwin10 --host=x86_64-apple-darwin10 --with-gmp=/tmp/jenkins-GCC-6-build_build-toolchain-mac-262_20170621_1498074986/build-native/host-libs/usr --with-mpfr=/tmp/jenkins-GCC-6-build_build-toolchain-mac-262_20170621_1498074986/build-native/host-libs/usr --with-mpc=/tmp/jenkins-GCC-6-build_build-toolchain-mac-262_20170621_1498074986/build-native/host-libs/usr --with-isl=/tmp/jenkins-GCC-6-build_build-toolchain-mac-262_20170621_1498074986/build-native/host-libs/usr --with-libelf=/tmp/jenkins-GCC-6-build_build-toolchain-mac-262_20170621_1498074986/build-native/host-libs/usr --with-host-libstdcxx='-static-libgcc -Wl,-lstdc++ -lm' --with-pkgversion='GNU Tools for ARM Embedded Processors 6-2017-q2-update' --with-multilib-list=rmprofile
Thread model: single
gcc version 6.3.1 20170620 (release) [ARM/embedded-6-branch revision 249437] (GNU Tools for ARM Embedded Processors 6-2017-q2-update) 
COLLECT_GCC_OPTIONS='-mcpu=cortex-m0' '-mthumb' '-mthumb-interwork' '-ffunction-sections' '-fdata-sections' '-g' '-fno-common' '-fmessage-length=0' '-specs=nosys.specs' '-specs=nano.specs' '-std=gnu99' '-v' '-o' 'CMakeFiles/cmTC_13373.dir/CMakeCCompilerABI.c.obj' '-c'
 /usr/local/Cellar/gcc-arm-none-eabi-63/20170628/bin/../lib/gcc/arm-none-eabi/6.3.1/cc1 -isystem =/include/newlib-nano -quiet -v -imultilib thumb/v6-m -iprefix /usr/local/Cellar/gcc-arm-none-eabi-63/20170628/bin/../lib/gcc/arm-none-eabi/6.3.1/ -isysroot /usr/local/Cellar/gcc-arm-none-eabi-63/20170628/bin/../arm-none-eabi -D__USES_INITFINI__ /Applications/CLion.app/Contents/bin/cmake/mac/share/cmake-3.14/Modules/CMakeCCompilerABI.c -quiet -dumpbase CMakeCCompilerABI.c -mcpu=cortex-m0 -mthumb -mthumb-interwork -auxbase-strip CMakeFiles/cmTC_13373.dir/CMakeCCompilerABI.c.obj -g -std=gnu99 -version -ffunction-sections -fdata-sections -fno-common -fmessage-length=0 -o /var/folders/yr/y1zpv0pj4x1c42lkb13j_mzr0000gn/T//ccnAPdPO.s
GNU C99 (GNU Tools for ARM Embedded Processors 6-2017-q2-update) version 6.3.1 20170620 (release) [ARM/embedded-6-branch revision 249437] (arm-none-eabi)
	compiled by GNU C version 5.4.0, GMP version 6.1.0, MPFR version 3.1.4, MPC version 1.0.3, isl version 0.15
GGC heuristics: --param ggc-min-expand=100 --param ggc-min-heapsize=131072
ignoring duplicate directory "/usr/local/Cellar/gcc-arm-none-eabi-63/20170628/bin/../lib/gcc/../../lib/gcc/arm-none-eabi/6.3.1/include"
ignoring nonexistent directory "/usr/local/Cellar/gcc-arm-none-eabi-63/20170628/bin/../arm-none-eabi/usr/local/include"
ignoring duplicate directory "/usr/local/Cellar/gcc-arm-none-eabi-63/20170628/bin/../lib/gcc/../../lib/gcc/arm-none-eabi/6.3.1/include-fixed"
ignoring duplicate directory "/usr/local/Cellar/gcc-arm-none-eabi-63/20170628/bin/../lib/gcc/../../lib/gcc/arm-none-eabi/6.3.1/../../../../arm-none-eabi/include"
ignoring nonexistent directory "/usr/local/Cellar/gcc-arm-none-eabi-63/20170628/bin/../arm-none-eabi/usr/include"
#include "..." search starts here:
#include <...> search starts here:
 /usr/local/Cellar/gcc-arm-none-eabi-63/20170628/bin/../arm-none-eabi/include/newlib-nano
 /usr/local/Cellar/gcc-arm-none-eabi-63/20170628/bin/../lib/gcc/arm-none-eabi/6.3.1/include
 /usr/local/Cellar/gcc-arm-none-eabi-63/20170628/bin/../lib/gcc/arm-none-eabi/6.3.1/include-fixed
 /usr/local/Cellar/gcc-arm-none-eabi-63/20170628/bin/../lib/gcc/arm-none-eabi/6.3.1/../../../../arm-none-eabi/include
End of search list.
GNU C99 (GNU Tools for ARM Embedded Processors 6-2017-q2-update) version 6.3.1 20170620 (release) [ARM/embedded-6-branch revision 249437] (arm-none-eabi)
	compiled by GNU C version 5.4.0, GMP version 6.1.0, MPFR version 3.1.4, MPC version 1.0.3, isl version 0.15
GGC heuristics: --param ggc-min-expand=100 --param ggc-min-heapsize=131072
Compiler executable checksum: aa3712e48f311f72956ce92bf2e89dbd
COLLECT_GCC_OPTIONS='-mcpu=cortex-m0' '-mthumb' '-mthumb-interwork' '-ffunction-sections' '-fdata-sections' '-g' '-fno-common' '-fmessage-length=0' '-specs=nosys.specs' '-specs=nano.specs' '-std=gnu99' '-v' '-o' 'CMakeFiles/cmTC_13373.dir/CMakeCCompilerABI.c.obj' '-c'
 /usr/local/Cellar/gcc-arm-none-eabi-63/20170628/bin/../lib/gcc/arm-none-eabi/6.3.1/../../../../arm-none-eabi/bin/as -v -mcpu=cortex-m0 -mthumb-interwork -meabi=5 -o CMakeFiles/cmTC_13373.dir/CMakeCCompilerABI.c.obj /var/folders/yr/y1zpv0pj4x1c42lkb13j_mzr0000gn/T//ccnAPdPO.s
GNU assembler version 2.28.0 (arm-none-eabi) using BFD version (GNU Tools for ARM Embedded Processors 6-2017-q2-update) 2.28.0.20170620
COMPILER_PATH=/usr/local/Cellar/gcc-arm-none-eabi-63/20170628/bin/../lib/gcc/arm-none-eabi/6.3.1/:/usr/local/Cellar/gcc-arm-none-eabi-63/20170628/bin/../lib/gcc/:/usr/local/Cellar/gcc-arm-none-eabi-63/20170628/bin/../lib/gcc/arm-none-eabi/6.3.1/../../../../arm-none-eabi/bin/
LIBRARY_PATH=/usr/local/Cellar/gcc-arm-none-eabi-63/20170628/bin/../lib/gcc/arm-none-eabi/6.3.1/thumb/v6-m/:/usr/local/Cellar/gcc-arm-none-eabi-63/20170628/bin/../lib/gcc/arm-none-eabi/6.3.1/../../../../arm-none-eabi/lib/thumb/v6-m/:/usr/local/Cellar/gcc-arm-none-eabi-63/20170628/bin/../arm-none-eabi/lib/thumb/v6-m/:/usr/local/Cellar/gcc-arm-none-eabi-63/20170628/bin/../lib/gcc/arm-none-eabi/6.3.1/:/usr/local/Cellar/gcc-arm-none-eabi-63/20170628/bin/../lib/gcc/:/usr/local/Cellar/gcc-arm-none-eabi-63/20170628/bin/../lib/gcc/arm-none-eabi/6.3.1/../../../../arm-none-eabi/lib/:/usr/local/Cellar/gcc-arm-none-eabi-63/20170628/bin/../arm-none-eabi/lib/
COLLECT_GCC_OPTIONS='-mcpu=cortex-m0' '-mthumb' '-mthumb-interwork' '-ffunction-sections' '-fdata-sections' '-g' '-fno-common' '-fmessage-length=0' '-specs=nosys.specs' '-specs=nano.specs' '-std=gnu99' '-v' '-o' 'CMakeFiles/cmTC_13373.dir/CMakeCCompilerABI.c.obj' '-c'
Linking C executable cmTC_13373
/Applications/CLion.app/Contents/bin/cmake/mac/bin/cmake -E cmake_link_script CMakeFiles/cmTC_13373.dir/link.txt --verbose=1
/usr/local/bin/arm-none-eabi-gcc -mcpu=cortex-m0  -mthumb -mthumb-interwork -ffunction-sections -fdata-sections     -g -fno-common -fmessage-length=0 -specs=nosys.specs -specs=nano.specs -std=gnu99   -Wl,-gc-sections,--print-memory-usage -T /Users/vitaliy/rg69_bme280/STM32F031F6Px_FLASH.ld -v CMakeFiles/cmTC_13373.dir/CMakeCCompilerABI.c.obj  -o cmTC_13373 
Using built-in specs.
Reading specs from /usr/local/Cellar/gcc-arm-none-eabi-63/20170628/bin/../lib/gcc/arm-none-eabi/6.3.1/../../../../arm-none-eabi/lib/nosys.specs
rename spec link_gcc_c_sequence to nosys_link_gcc_c_sequence
Reading specs from /usr/local/Cellar/gcc-arm-none-eabi-63/20170628/bin/../lib/gcc/arm-none-eabi/6.3.1/../../../../arm-none-eabi/lib/nano.specs
rename spec link to nano_link
rename spec link_gcc_c_sequence to nano_link_gcc_c_sequence
rename spec cpp_unique_options to nano_cpp_unique_options
COLLECT_GCC=/usr/local/bin/arm-none-eabi-gcc
COLLECT_LTO_WRAPPER=/usr/local/Cellar/gcc-arm-none-eabi-63/20170628/bin/../lib/gcc/arm-none-eabi/6.3.1/lto-wrapper
Target: arm-none-eabi
Configured with: /tmp/jenkins-GCC-6-build_build-toolchain-mac-262_20170621_1498074986/src/gcc/configure --target=arm-none-eabi --prefix=/tmp/jenkins-GCC-6-build_build-toolchain-mac-262_20170621_1498074986/install-native --libexecdir=/tmp/jenkins-GCC-6-build_build-toolchain-mac-262_20170621_1498074986/install-native/lib --infodir=/tmp/jenkins-GCC-6-build_build-toolchain-mac-262_20170621_1498074986/install-native/share/doc/gcc-arm-none-eabi/info --mandir=/tmp/jenkins-GCC-6-build_build-toolchain-mac-262_20170621_1498074986/install-native/share/doc/gcc-arm-none-eabi/man --htmldir=/tmp/jenkins-GCC-6-build_build-toolchain-mac-262_20170621_1498074986/install-native/share/doc/gcc-arm-none-eabi/html --pdfdir=/tmp/jenkins-GCC-6-build_build-toolchain-mac-262_20170621_1498074986/install-native/share/doc/gcc-arm-none-eabi/pdf --enable-languages=c,c++ --enable-plugins --disable-decimal-float --disable-libffi --disable-libgomp --disable-libmudflap --disable-libquadmath --disable-libssp --disable-libstdcxx-pch --disable-nls --disable-shared --disable-threads --disable-tls --with-gnu-as --with-gnu-ld --with-newlib --with-headers=yes --with-python-dir=share/gcc-arm-none-eabi --with-sysroot=/tmp/jenkins-GCC-6-build_build-toolchain-mac-262_20170621_1498074986/install-native/arm-none-eabi --build=x86_64-apple-darwin10 --host=x86_64-apple-darwin10 --with-gmp=/tmp/jenkins-GCC-6-build_build-toolchain-mac-262_20170621_1498074986/build-native/host-libs/usr --with-mpfr=/tmp/jenkins-GCC-6-build_build-toolchain-mac-262_20170621_1498074986/build-native/host-libs/usr --with-mpc=/tmp/jenkins-GCC-6-build_build-toolchain-mac-262_20170621_1498074986/build-native/host-libs/usr --with-isl=/tmp/jenkins-GCC-6-build_build-toolchain-mac-262_20170621_1498074986/build-native/host-libs/usr --with-libelf=/tmp/jenkins-GCC-6-build_build-toolchain-mac-262_20170621_1498074986/build-native/host-libs/usr --with-host-libstdcxx='-static-libgcc -Wl,-lstdc++ -lm' --with-pkgversion='GNU Tools for ARM Embedded Processors 6-2017-q2-update' --with-multilib-list=rmprofile
Thread model: single
gcc version 6.3.1 20170620 (release) [ARM/embedded-6-branch revision 249437] (GNU Tools for ARM Embedded Processors 6-2017-q2-update) 
COMPILER_PATH=/usr/local/Cellar/gcc-arm-none-eabi-63/20170628/bin/../lib/gcc/arm-none-eabi/6.3.1/:/usr/local/Cellar/gcc-arm-none-eabi-63/20170628/bin/../lib/gcc/:/usr/local/Cellar/gcc-arm-none-eabi-63/20170628/bin/../lib/gcc/arm-none-eabi/6.3.1/../../../../arm-none-eabi/bin/
LIBRARY_PATH=/usr/local/Cellar/gcc-arm-none-eabi-63/20170628/bin/../lib/gcc/arm-none-eabi/6.3.1/thumb/v6-m/:/usr/local/Cellar/gcc-arm-none-eabi-63/20170628/bin/../lib/gcc/arm-none-eabi/6.3.1/../../../../arm-none-eabi/lib/thumb/v6-m/:/usr/local/Cellar/gcc-arm-none-eabi-63/20170628/bin/../arm-none-eabi/lib/thumb/v6-m/:/usr/local/Cellar/gcc-arm-none-eabi-63/20170628/bin/../lib/gcc/arm-none-eabi/6.3.1/:/usr/local/Cellar/gcc-arm-none-eabi-63/20170628/bin/../lib/gcc/:/usr/local/Cellar/gcc-arm-none-eabi-63/20170628/bin/../lib/gcc/arm-none-eabi/6.3.1/../../../../arm-none-eabi/lib/:/usr/local/Cellar/gcc-arm-none-eabi-63/20170628/bin/../arm-none-eabi/lib/
COLLECT_GCC_OPTIONS='-mcpu=cortex-m0' '-mthumb' '-mthumb-interwork' '-ffunction-sections' '-fdata-sections' '-g' '-fno-common' '-fmessage-length=0' '-specs=nosys.specs' '-specs=nano.specs' '-std=gnu99' '-T' '/Users/vitaliy/rg69_bme280/STM32F031F6Px_FLASH.ld' '-v' '-o' 'cmTC_13373'
 /usr/local/Cellar/gcc-arm-none-eabi-63/20170628/bin/../lib/gcc/arm-none-eabi/6.3.1/collect2 -plugin /usr/local/Cellar/gcc-arm-none-eabi-63/20170628/bin/../lib/gcc/arm-none-eabi/6.3.1/liblto_plugin.so -plugin-opt=/usr/local/Cellar/gcc-arm-none-eabi-63/20170628/bin/../lib/gcc/arm-none-eabi/6.3.1/lto-wrapper -plugin-opt=-fresolution=/var/folders/yr/y1zpv0pj4x1c42lkb13j_mzr0000gn/T//ccGI5Wus.res -plugin-opt=-pass-through=-lgcc -plugin-opt=-pass-through=-lg_nano -plugin-opt=-pass-through=-lc_nano -plugin-opt=-pass-through=-lgcc -plugin-opt=-pass-through=-lc_nano -plugin-opt=-pass-through=-lnosys -plugin-opt=-pass-through=-lgcc -plugin-opt=-pass-through=-lc_nano -plugin-opt=-pass-through=-lnosys --sysroot=/usr/local/Cellar/gcc-arm-none-eabi-63/20170628/bin/../arm-none-eabi -X -o cmTC_13373 /usr/local/Cellar/gcc-arm-none-eabi-63/20170628/bin/../lib/gcc/arm-none-eabi/6.3.1/thumb/v6-m/crti.o /usr/local/Cellar/gcc-arm-none-eabi-63/20170628/bin/../lib/gcc/arm-none-eabi/6.3.1/thumb/v6-m/crtbegin.o /usr/local/Cellar/gcc-arm-none-eabi-63/20170628/bin/../lib/gcc/arm-none-eabi/6.3.1/../../../../arm-none-eabi/lib/thumb/v6-m/crt0.o -L/usr/local/Cellar/gcc-arm-none-eabi-63/20170628/bin/../lib/gcc/arm-none-eabi/6.3.1/thumb/v6-m -L/usr/local/Cellar/gcc-arm-none-eabi-63/20170628/bin/../lib/gcc/arm-none-eabi/6.3.1/../../../../arm-none-eabi/lib/thumb/v6-m -L/usr/local/Cellar/gcc-arm-none-eabi-63/20170628/bin/../arm-none-eabi/lib/thumb/v6-m -L/usr/local/Cellar/gcc-arm-none-eabi-63/20170628/bin/../lib/gcc/arm-none-eabi/6.3.1 -L/usr/local/Cellar/gcc-arm-none-eabi-63/20170628/bin/../lib/gcc -L/usr/local/Cellar/gcc-arm-none-eabi-63/20170628/bin/../lib/gcc/arm-none-eabi/6.3.1/../../../../arm-none-eabi/lib -L/usr/local/Cellar/gcc-arm-none-eabi-63/20170628/bin/../arm-none-eabi/lib -gc-sections --print-memory-usage CMakeFiles/cmTC_13373.dir/CMakeCCompilerABI.c.obj --start-group -lgcc -lg_nano -lc_nano --end-group --start-group -lgcc -lc_nano -lnosys --end-group --start-group -lgcc -lc_nano -lnosys --end-group /usr/local/Cellar/gcc-arm-none-eabi-63/20170628/bin/../lib/gcc/arm-none-eabi/6.3.1/thumb/v6-m/crtend.o /usr/local/Cellar/gcc-arm-none-eabi-63/20170628/bin/../lib/gcc/arm-none-eabi/6.3.1/thumb/v6-m/crtn.o -T /Users/vitaliy/rg69_bme280/STM32F031F6Px_FLASH.ld
Memory region         Used Size  Region Size  %age Used
             RAM:        1568 B         4 KB     38.28%
           FLASH:         128 B        32 KB      0.39/usr/local/Cellar/gcc-arm-none-eabi-63/20170628/bin/../lib/gcc/arm-none-eabi/6.3.1/../../../../arm-none-eabi/bin/ld: warning: cannot find entry symbol Reset_Handler; defaulting to 0000000008000000
%
COLLECT_GCC_OPTIONS='-mcpu=cortex-m0' '-mthumb' '-mthumb-interwork' '-ffunction-sections' '-fdata-sections' '-g' '-fno-common' '-fmessage-length=0' '-specs=nosys.specs' '-specs=nano.specs' '-std=gnu99' '-T' '/Users/vitaliy/rg69_bme280/STM32F031F6Px_FLASH.ld' '-v' '-o' 'cmTC_13373'
gmake[1]: Leaving directory '/Users/vitaliy/rg69_bme280/cmake-build-debug/CMakeFiles/CMakeTmp'


Parsed C implicit include dir info from above output: rv=done
  found start of include info
  found start of implicit include info
    add: [/usr/local/Cellar/gcc-arm-none-eabi-63/20170628/bin/../arm-none-eabi/include/newlib-nano]
    add: [/usr/local/Cellar/gcc-arm-none-eabi-63/20170628/bin/../lib/gcc/arm-none-eabi/6.3.1/include]
    add: [/usr/local/Cellar/gcc-arm-none-eabi-63/20170628/bin/../lib/gcc/arm-none-eabi/6.3.1/include-fixed]
    add: [/usr/local/Cellar/gcc-arm-none-eabi-63/20170628/bin/../lib/gcc/arm-none-eabi/6.3.1/../../../../arm-none-eabi/include]
  end of search list found
  collapse include dir [/usr/local/Cellar/gcc-arm-none-eabi-63/20170628/bin/../arm-none-eabi/include/newlib-nano] ==> [/usr/local/Cellar/gcc-arm-none-eabi-63/20170628/arm-none-eabi/include/newlib-nano]
  collapse include dir [/usr/local/Cellar/gcc-arm-none-eabi-63/20170628/bin/../lib/gcc/arm-none-eabi/6.3.1/include] ==> [/usr/local/Cellar/gcc-arm-none-eabi-63/20170628/lib/gcc/arm-none-eabi/6.3.1/include]
  collapse include dir [/usr/local/Cellar/gcc-arm-none-eabi-63/20170628/bin/../lib/gcc/arm-none-eabi/6.3.1/include-fixed] ==> [/usr/local/Cellar/gcc-arm-none-eabi-63/20170628/lib/gcc/arm-none-eabi/6.3.1/include-fixed]
  collapse include dir [/usr/local/Cellar/gcc-arm-none-eabi-63/20170628/bin/../lib/gcc/arm-none-eabi/6.3.1/../../../../arm-none-eabi/include] ==> [/usr/local/Cellar/gcc-arm-none-eabi-63/20170628/arm-none-eabi/include]
  implicit include dirs: [/usr/local/Cellar/gcc-arm-none-eabi-63/20170628/arm-none-eabi/include/newlib-nano;/usr/local/Cellar/gcc-arm-none-eabi-63/20170628/lib/gcc/arm-none-eabi/6.3.1/include;/usr/local/Cellar/gcc-arm-none-eabi-63/20170628/lib/gcc/arm-none-eabi/6.3.1/include-fixed;/usr/local/Cellar/gcc-arm-none-eabi-63/20170628/arm-none-eabi/include]


Parsed C implicit link information from above output:
  link line regex: [^( *|.*[/\])(arm-none-eabi-ld|CMAKE_LINK_STARTFILE-NOTFOUND|([^/\]+-)?ld|collect2)[^/\]*( |$)]
  ignore line: [Change Dir: /Users/vitaliy/rg69_bme280/cmake-build-debug/CMakeFiles/CMakeTmp]
  ignore line: []
  ignore line: [Run Build Command(s):/usr/local/bin/gmake cmTC_13373/fast ]
  ignore line: [/usr/local/bin/gmake -f CMakeFiles/cmTC_13373.dir/build.make CMakeFiles/cmTC_13373.dir/build]
  ignore line: [gmake[1]: Entering directory '/Users/vitaliy/rg69_bme280/cmake-build-debug/CMakeFiles/CMakeTmp']
  ignore line: [Building C object CMakeFiles/cmTC_13373.dir/CMakeCCompilerABI.c.obj]
  ignore line: [/usr/local/bin/arm-none-eabi-gcc   -mcpu=cortex-m0  -mthumb -mthumb-interwork -ffunction-sections -fdata-sections     -g -fno-common -fmessage-length=0 -specs=nosys.specs -specs=nano.specs -std=gnu99    -v -o CMakeFiles/cmTC_13373.dir/CMakeCCompilerABI.c.obj   -c /Applications/CLion.app/Contents/bin/cmake/mac/share/cmake-3.14/Modules/CMakeCCompilerABI.c]
  ignore line: [Using built-in specs.]
  ignore line: [Reading specs from /usr/local/Cellar/gcc-arm-none-eabi-63/20170628/bin/../lib/gcc/arm-none-eabi/6.3.1/../../../../arm-none-eabi/lib/nosys.specs]
  ignore line: [rename spec link_gcc_c_sequence to nosys_link_gcc_c_sequence]
  ignore line: [Reading specs from /usr/local/Cellar/gcc-arm-none-eabi-63/20170628/bin/../lib/gcc/arm-none-eabi/6.3.1/../../../../arm-none-eabi/lib/nano.specs]
  ignore line: [rename spec link to nano_link]
  ignore line: [rename spec link_gcc_c_sequence to nano_link_gcc_c_sequence]
  ignore line: [rename spec cpp_unique_options to nano_cpp_unique_options]
  ignore line: [COLLECT_GCC=/usr/local/bin/arm-none-eabi-gcc]
  ignore line: [Target: arm-none-eabi]
  ignore line: [Configured with: /tmp/jenkins-GCC-6-build_build-toolchain-mac-262_20170621_1498074986/src/gcc/configure --target=arm-none-eabi --prefix=/tmp/jenkins-GCC-6-build_build-toolchain-mac-262_20170621_1498074986/install-native --libexecdir=/tmp/jenkins-GCC-6-build_build-toolchain-mac-262_20170621_1498074986/install-native/lib --infodir=/tmp/jenkins-GCC-6-build_build-toolchain-mac-262_20170621_1498074986/install-native/share/doc/gcc-arm-none-eabi/info --mandir=/tmp/jenkins-GCC-6-build_build-toolchain-mac-262_20170621_1498074986/install-native/share/doc/gcc-arm-none-eabi/man --htmldir=/tmp/jenkins-GCC-6-build_build-toolchain-mac-262_20170621_1498074986/install-native/share/doc/gcc-arm-none-eabi/html --pdfdir=/tmp/jenkins-GCC-6-build_build-toolchain-mac-262_20170621_1498074986/install-native/share/doc/gcc-arm-none-eabi/pdf --enable-languages=c,c++ --enable-plugins --disable-decimal-float --disable-libffi --disable-libgomp --disable-libmudflap --disable-libquadmath --disable-libssp --disable-libstdcxx-pch --disable-nls --disable-shared --disable-threads --disable-tls --with-gnu-as --with-gnu-ld --with-newlib --with-headers=yes --with-python-dir=share/gcc-arm-none-eabi --with-sysroot=/tmp/jenkins-GCC-6-build_build-toolchain-mac-262_20170621_1498074986/install-native/arm-none-eabi --build=x86_64-apple-darwin10 --host=x86_64-apple-darwin10 --with-gmp=/tmp/jenkins-GCC-6-build_build-toolchain-mac-262_20170621_1498074986/build-native/host-libs/usr --with-mpfr=/tmp/jenkins-GCC-6-build_build-toolchain-mac-262_20170621_1498074986/build-native/host-libs/usr --with-mpc=/tmp/jenkins-GCC-6-build_build-toolchain-mac-262_20170621_1498074986/build-native/host-libs/usr --with-isl=/tmp/jenkins-GCC-6-build_build-toolchain-mac-262_20170621_1498074986/build-native/host-libs/usr --with-libelf=/tmp/jenkins-GCC-6-build_build-toolchain-mac-262_20170621_1498074986/build-native/host-libs/usr --with-host-libstdcxx='-static-libgcc -Wl,-lstdc++ -lm' --with-pkgversion='GNU Tools for ARM Embedded Processors 6-2017-q2-update' --with-multilib-list=rmprofile]
  ignore line: [Thread model: single]
  ignore line: [gcc version 6.3.1 20170620 (release) [ARM/embedded-6-branch revision 249437] (GNU Tools for ARM Embedded Processors 6-2017-q2-update) ]
  ignore line: [COLLECT_GCC_OPTIONS='-mcpu=cortex-m0' '-mthumb' '-mthumb-interwork' '-ffunction-sections' '-fdata-sections' '-g' '-fno-common' '-fmessage-length=0' '-specs=nosys.specs' '-specs=nano.specs' '-std=gnu99' '-v' '-o' 'CMakeFiles/cmTC_13373.dir/CMakeCCompilerABI.c.obj' '-c']
  ignore line: [ /usr/local/Cellar/gcc-arm-none-eabi-63/20170628/bin/../lib/gcc/arm-none-eabi/6.3.1/cc1 -isystem =/include/newlib-nano -quiet -v -imultilib thumb/v6-m -iprefix /usr/local/Cellar/gcc-arm-none-eabi-63/20170628/bin/../lib/gcc/arm-none-eabi/6.3.1/ -isysroot /usr/local/Cellar/gcc-arm-none-eabi-63/20170628/bin/../arm-none-eabi -D__USES_INITFINI__ /Applications/CLion.app/Contents/bin/cmake/mac/share/cmake-3.14/Modules/CMakeCCompilerABI.c -quiet -dumpbase CMakeCCompilerABI.c -mcpu=cortex-m0 -mthumb -mthumb-interwork -auxbase-strip CMakeFiles/cmTC_13373.dir/CMakeCCompilerABI.c.obj -g -std=gnu99 -version -ffunction-sections -fdata-sections -fno-common -fmessage-length=0 -o /var/folders/yr/y1zpv0pj4x1c42lkb13j_mzr0000gn/T//ccnAPdPO.s]
  ignore line: [GNU C99 (GNU Tools for ARM Embedded Processors 6-2017-q2-update) version 6.3.1 20170620 (release) [ARM/embedded-6-branch revision 249437] (arm-none-eabi)]
  ignore line: [	compiled by GNU C version 5.4.0, GMP version 6.1.0, MPFR version 3.1.4, MPC version 1.0.3, isl version 0.15]
  ignore line: [GGC heuristics: --param ggc-min-expand=100 --param ggc-min-heapsize=131072]
  ignore line: [ignoring duplicate directory "/usr/local/Cellar/gcc-arm-none-eabi-63/20170628/bin/../lib/gcc/../../lib/gcc/arm-none-eabi/6.3.1/include"]
  ignore line: [ignoring nonexistent directory "/usr/local/Cellar/gcc-arm-none-eabi-63/20170628/bin/../arm-none-eabi/usr/local/include"]
  ignore line: [ignoring duplicate directory "/usr/local/Cellar/gcc-arm-none-eabi-63/20170628/bin/../lib/gcc/../../lib/gcc/arm-none-eabi/6.3.1/include-fixed"]
  ignore line: [ignoring duplicate directory "/usr/local/Cellar/gcc-arm-none-eabi-63/20170628/bin/../lib/gcc/../../lib/gcc/arm-none-eabi/6.3.1/../../../../arm-none-eabi/include"]
  ignore line: [ignoring nonexistent directory "/usr/local/Cellar/gcc-arm-none-eabi-63/20170628/bin/../arm-none-eabi/usr/include"]
  ignore line: [#include "..." search starts here:]
  ignore line: [#include <...> search starts here:]
  ignore line: [ /usr/local/Cellar/gcc-arm-none-eabi-63/20170628/bin/../arm-none-eabi/include/newlib-nano]
  ignore line: [ /usr/local/Cellar/gcc-arm-none-eabi-63/20170628/bin/../lib/gcc/arm-none-eabi/6.3.1/include]
  ignore line: [ /usr/local/Cellar/gcc-arm-none-eabi-63/20170628/bin/../lib/gcc/arm-none-eabi/6.3.1/include-fixed]
  ignore line: [ /usr/local/Cellar/gcc-arm-none-eabi-63/20170628/bin/../lib/gcc/arm-none-eabi/6.3.1/../../../../arm-none-eabi/include]
  ignore line: [End of search list.]
  ignore line: [GNU C99 (GNU Tools for ARM Embedded Processors 6-2017-q2-update) version 6.3.1 20170620 (release) [ARM/embedded-6-branch revision 249437] (arm-none-eabi)]
  ignore line: [	compiled by GNU C version 5.4.0, GMP version 6.1.0, MPFR version 3.1.4, MPC version 1.0.3, isl version 0.15]
  ignore line: [GGC heuristics: --param ggc-min-expand=100 --param ggc-min-heapsize=131072]
  ignore line: [Compiler executable checksum: aa3712e48f311f72956ce92bf2e89dbd]
  ignore line: [COLLECT_GCC_OPTIONS='-mcpu=cortex-m0' '-mthumb' '-mthumb-interwork' '-ffunction-sections' '-fdata-sections' '-g' '-fno-common' '-fmessage-length=0' '-specs=nosys.specs' '-specs=nano.specs' '-std=gnu99' '-v' '-o' 'CMakeFiles/cmTC_13373.dir/CMakeCCompilerABI.c.obj' '-c']
  ignore line: [ /usr/local/Cellar/gcc-arm-none-eabi-63/20170628/bin/../lib/gcc/arm-none-eabi/6.3.1/../../../../arm-none-eabi/bin/as -v -mcpu=cortex-m0 -mthumb-interwork -meabi=5 -o CMakeFiles/cmTC_13373.dir/CMakeCCompilerABI.c.obj /var/folders/yr/y1zpv0pj4x1c42lkb13j_mzr0000gn/T//ccnAPdPO.s]
  ignore line: [GNU assembler version 2.28.0 (arm-none-eabi) using BFD version (GNU Tools for ARM Embedded Processors 6-2017-q2-update) 2.28.0.20170620]
  ignore line: [COMPILER_PATH=/usr/local/Cellar/gcc-arm-none-eabi-63/20170628/bin/../lib/gcc/arm-none-eabi/6.3.1/:/usr/local/Cellar/gcc-arm-none-eabi-63/20170628/bin/../lib/gcc/:/usr/local/Cellar/gcc-arm-none-eabi-63/20170628/bin/../lib/gcc/arm-none-eabi/6.3.1/../../../../arm-none-eabi/bin/]
  ignore line: [LIBRARY_PATH=/usr/local/Cellar/gcc-arm-none-eabi-63/20170628/bin/../lib/gcc/arm-none-eabi/6.3.1/thumb/v6-m/:/usr/local/Cellar/gcc-arm-none-eabi-63/20170628/bin/../lib/gcc/arm-none-eabi/6.3.1/../../../../arm-none-eabi/lib/thumb/v6-m/:/usr/local/Cellar/gcc-arm-none-eabi-63/20170628/bin/../arm-none-eabi/lib/thumb/v6-m/:/usr/local/Cellar/gcc-arm-none-eabi-63/20170628/bin/../lib/gcc/arm-none-eabi/6.3.1/:/usr/local/Cellar/gcc-arm-none-eabi-63/20170628/bin/../lib/gcc/:/usr/local/Cellar/gcc-arm-none-eabi-63/20170628/bin/../lib/gcc/arm-none-eabi/6.3.1/../../../../arm-none-eabi/lib/:/usr/local/Cellar/gcc-arm-none-eabi-63/20170628/bin/../arm-none-eabi/lib/]
  ignore line: [COLLECT_GCC_OPTIONS='-mcpu=cortex-m0' '-mthumb' '-mthumb-interwork' '-ffunction-sections' '-fdata-sections' '-g' '-fno-common' '-fmessage-length=0' '-specs=nosys.specs' '-specs=nano.specs' '-std=gnu99' '-v' '-o' 'CMakeFiles/cmTC_13373.dir/CMakeCCompilerABI.c.obj' '-c']
  ignore line: [Linking C executable cmTC_13373]
  ignore line: [/Applications/CLion.app/Contents/bin/cmake/mac/bin/cmake -E cmake_link_script CMakeFiles/cmTC_13373.dir/link.txt --verbose=1]
  ignore line: [/usr/local/bin/arm-none-eabi-gcc -mcpu=cortex-m0  -mthumb -mthumb-interwork -ffunction-sections -fdata-sections     -g -fno-common -fmessage-length=0 -specs=nosys.specs -specs=nano.specs -std=gnu99   -Wl,-gc-sections,--print-memory-usage -T /Users/vitaliy/rg69_bme280/STM32F031F6Px_FLASH.ld -v CMakeFiles/cmTC_13373.dir/CMakeCCompilerABI.c.obj  -o cmTC_13373 ]
  ignore line: [Using built-in specs.]
  ignore line: [Reading specs from /usr/local/Cellar/gcc-arm-none-eabi-63/20170628/bin/../lib/gcc/arm-none-eabi/6.3.1/../../../../arm-none-eabi/lib/nosys.specs]
  ignore line: [rename spec link_gcc_c_sequence to nosys_link_gcc_c_sequence]
  ignore line: [Reading specs from /usr/local/Cellar/gcc-arm-none-eabi-63/20170628/bin/../lib/gcc/arm-none-eabi/6.3.1/../../../../arm-none-eabi/lib/nano.specs]
  ignore line: [rename spec link to nano_link]
  ignore line: [rename spec link_gcc_c_sequence to nano_link_gcc_c_sequence]
  ignore line: [rename spec cpp_unique_options to nano_cpp_unique_options]
  ignore line: [COLLECT_GCC=/usr/local/bin/arm-none-eabi-gcc]
  ignore line: [COLLECT_LTO_WRAPPER=/usr/local/Cellar/gcc-arm-none-eabi-63/20170628/bin/../lib/gcc/arm-none-eabi/6.3.1/lto-wrapper]
  ignore line: [Target: arm-none-eabi]
  ignore line: [Configured with: /tmp/jenkins-GCC-6-build_build-toolchain-mac-262_20170621_1498074986/src/gcc/configure --target=arm-none-eabi --prefix=/tmp/jenkins-GCC-6-build_build-toolchain-mac-262_20170621_1498074986/install-native --libexecdir=/tmp/jenkins-GCC-6-build_build-toolchain-mac-262_20170621_1498074986/install-native/lib --infodir=/tmp/jenkins-GCC-6-build_build-toolchain-mac-262_20170621_1498074986/install-native/share/doc/gcc-arm-none-eabi/info --mandir=/tmp/jenkins-GCC-6-build_build-toolchain-mac-262_20170621_1498074986/install-native/share/doc/gcc-arm-none-eabi/man --htmldir=/tmp/jenkins-GCC-6-build_build-toolchain-mac-262_20170621_1498074986/install-native/share/doc/gcc-arm-none-eabi/html --pdfdir=/tmp/jenkins-GCC-6-build_build-toolchain-mac-262_20170621_1498074986/install-native/share/doc/gcc-arm-none-eabi/pdf --enable-languages=c,c++ --enable-plugins --disable-decimal-float --disable-libffi --disable-libgomp --disable-libmudflap --disable-libquadmath --disable-libssp --disable-libstdcxx-pch --disable-nls --disable-shared --disable-threads --disable-tls --with-gnu-as --with-gnu-ld --with-newlib --with-headers=yes --with-python-dir=share/gcc-arm-none-eabi --with-sysroot=/tmp/jenkins-GCC-6-build_build-toolchain-mac-262_20170621_1498074986/install-native/arm-none-eabi --build=x86_64-apple-darwin10 --host=x86_64-apple-darwin10 --with-gmp=/tmp/jenkins-GCC-6-build_build-toolchain-mac-262_20170621_1498074986/build-native/host-libs/usr --with-mpfr=/tmp/jenkins-GCC-6-build_build-toolchain-mac-262_20170621_1498074986/build-native/host-libs/usr --with-mpc=/tmp/jenkins-GCC-6-build_build-toolchain-mac-262_20170621_1498074986/build-native/host-libs/usr --with-isl=/tmp/jenkins-GCC-6-build_build-toolchain-mac-262_20170621_1498074986/build-native/host-libs/usr --with-libelf=/tmp/jenkins-GCC-6-build_build-toolchain-mac-262_20170621_1498074986/build-native/host-libs/usr --with-host-libstdcxx='-static-libgcc -Wl,-lstdc++ -lm' --with-pkgversion='GNU Tools for ARM Embedded Processors 6-2017-q2-update' --with-multilib-list=rmprofile]
  ignore line: [Thread model: single]
  ignore line: [gcc version 6.3.1 20170620 (release) [ARM/embedded-6-branch revision 249437] (GNU Tools for ARM Embedded Processors 6-2017-q2-update) ]
  ignore line: [COMPILER_PATH=/usr/local/Cellar/gcc-arm-none-eabi-63/20170628/bin/../lib/gcc/arm-none-eabi/6.3.1/:/usr/local/Cellar/gcc-arm-none-eabi-63/20170628/bin/../lib/gcc/:/usr/local/Cellar/gcc-arm-none-eabi-63/20170628/bin/../lib/gcc/arm-none-eabi/6.3.1/../../../../arm-none-eabi/bin/]
  ignore line: [LIBRARY_PATH=/usr/local/Cellar/gcc-arm-none-eabi-63/20170628/bin/../lib/gcc/arm-none-eabi/6.3.1/thumb/v6-m/:/usr/local/Cellar/gcc-arm-none-eabi-63/20170628/bin/../lib/gcc/arm-none-eabi/6.3.1/../../../../arm-none-eabi/lib/thumb/v6-m/:/usr/local/Cellar/gcc-arm-none-eabi-63/20170628/bin/../arm-none-eabi/lib/thumb/v6-m/:/usr/local/Cellar/gcc-arm-none-eabi-63/20170628/bin/../lib/gcc/arm-none-eabi/6.3.1/:/usr/local/Cellar/gcc-arm-none-eabi-63/20170628/bin/../lib/gcc/:/usr/local/Cellar/gcc-arm-none-eabi-63/20170628/bin/../lib/gcc/arm-none-eabi/6.3.1/../../../../arm-none-eabi/lib/:/usr/local/Cellar/gcc-arm-none-eabi-63/20170628/bin/../arm-none-eabi/lib/]
  ignore line: [COLLECT_GCC_OPTIONS='-mcpu=cortex-m0' '-mthumb' '-mthumb-interwork' '-ffunction-sections' '-fdata-sections' '-g' '-fno-common' '-fmessage-length=0' '-specs=nosys.specs' '-specs=nano.specs' '-std=gnu99' '-T' '/Users/vitaliy/rg69_bme280/STM32F031F6Px_FLASH.ld' '-v' '-o' 'cmTC_13373']
  link line: [ /usr/local/Cellar/gcc-arm-none-eabi-63/20170628/bin/../lib/gcc/arm-none-eabi/6.3.1/collect2 -plugin /usr/local/Cellar/gcc-arm-none-eabi-63/20170628/bin/../lib/gcc/arm-none-eabi/6.3.1/liblto_plugin.so -plugin-opt=/usr/local/Cellar/gcc-arm-none-eabi-63/20170628/bin/../lib/gcc/arm-none-eabi/6.3.1/lto-wrapper -plugin-opt=-fresolution=/var/folders/yr/y1zpv0pj4x1c42lkb13j_mzr0000gn/T//ccGI5Wus.res -plugin-opt=-pass-through=-lgcc -plugin-opt=-pass-through=-lg_nano -plugin-opt=-pass-through=-lc_nano -plugin-opt=-pass-through=-lgcc -plugin-opt=-pass-through=-lc_nano -plugin-opt=-pass-through=-lnosys -plugin-opt=-pass-through=-lgcc -plugin-opt=-pass-through=-lc_nano -plugin-opt=-pass-through=-lnosys --sysroot=/usr/local/Cellar/gcc-arm-none-eabi-63/20170628/bin/../arm-none-eabi -X -o cmTC_13373 /usr/local/Cellar/gcc-arm-none-eabi-63/20170628/bin/../lib/gcc/arm-none-eabi/6.3.1/thumb/v6-m/crti.o /usr/local/Cellar/gcc-arm-none-eabi-63/20170628/bin/../lib/gcc/arm-none-eabi/6.3.1/thumb/v6-m/crtbegin.o /usr/local/Cellar/gcc-arm-none-eabi-63/20170628/bin/../lib/gcc/arm-none-eabi/6.3.1/../../../../arm-none-eabi/lib/thumb/v6-m/crt0.o -L/usr/local/Cellar/gcc-arm-none-eabi-63/20170628/bin/../lib/gcc/arm-none-eabi/6.3.1/thumb/v6-m -L/usr/local/Cellar/gcc-arm-none-eabi-63/20170628/bin/../lib/gcc/arm-none-eabi/6.3.1/../../../../arm-none-eabi/lib/thumb/v6-m -L/usr/local/Cellar/gcc-arm-none-eabi-63/20170628/bin/../arm-none-eabi/lib/thumb/v6-m -L/usr/local/Cellar/gcc-arm-none-eabi-63/20170628/bin/../lib/gcc/arm-none-eabi/6.3.1 -L/usr/local/Cellar/gcc-arm-none-eabi-63/20170628/bin/../lib/gcc -L/usr/local/Cellar/gcc-arm-none-eabi-63/20170628/bin/../lib/gcc/arm-none-eabi/6.3.1/../../../../arm-none-eabi/lib -L/usr/local/Cellar/gcc-arm-none-eabi-63/20170628/bin/../arm-none-eabi/lib -gc-sections --print-memory-usage CMakeFiles/cmTC_13373.dir/CMakeCCompilerABI.c.obj --start-group -lgcc -lg_nano -lc_nano --end-group --start-group -lgcc -lc_nano -lnosys --end-group --start-group -lgcc -lc_nano -lnosys --end-group /usr/local/Cellar/gcc-arm-none-eabi-63/20170628/bin/../lib/gcc/arm-none-eabi/6.3.1/thumb/v6-m/crtend.o /usr/local/Cellar/gcc-arm-none-eabi-63/20170628/bin/../lib/gcc/arm-none-eabi/6.3.1/thumb/v6-m/crtn.o -T /Users/vitaliy/rg69_bme280/STM32F031F6Px_FLASH.ld]
    arg [/usr/local/Cellar/gcc-arm-none-eabi-63/20170628/bin/../lib/gcc/arm-none-eabi/6.3.1/collect2] ==> ignore
    arg [-plugin] ==> ignore
    arg [/usr/local/Cellar/gcc-arm-none-eabi-63/20170628/bin/../lib/gcc/arm-none-eabi/6.3.1/liblto_plugin.so] ==> ignore
    arg [-plugin-opt=/usr/local/Cellar/gcc-arm-none-eabi-63/20170628/bin/../lib/gcc/arm-none-eabi/6.3.1/lto-wrapper] ==> ignore
    arg [-plugin-opt=-fresolution=/var/folders/yr/y1zpv0pj4x1c42lkb13j_mzr0000gn/T//ccGI5Wus.res] ==> ignore
    arg [-plugin-opt=-pass-through=-lgcc] ==> ignore
    arg [-plugin-opt=-pass-through=-lg_nano] ==> ignore
    arg [-plugin-opt=-pass-through=-lc_nano] ==> ignore
    arg [-plugin-opt=-pass-through=-lgcc] ==> ignore
    arg [-plugin-opt=-pass-through=-lc_nano] ==> ignore
    arg [-plugin-opt=-pass-through=-lnosys] ==> ignore
    arg [-plugin-opt=-pass-through=-lgcc] ==> ignore
    arg [-plugin-opt=-pass-through=-lc_nano] ==> ignore
    arg [-plugin-opt=-pass-through=-lnosys] ==> ignore
    arg [--sysroot=/usr/local/Cellar/gcc-arm-none-eabi-63/20170628/bin/../arm-none-eabi] ==> ignore
    arg [-X] ==> ignore
    arg [-o] ==> ignore
    arg [cmTC_13373] ==> ignore
    arg [/usr/local/Cellar/gcc-arm-none-eabi-63/20170628/bin/../lib/gcc/arm-none-eabi/6.3.1/thumb/v6-m/crti.o] ==> ignore
    arg [/usr/local/Cellar/gcc-arm-none-eabi-63/20170628/bin/../lib/gcc/arm-none-eabi/6.3.1/thumb/v6-m/crtbegin.o] ==> ignore
    arg [/usr/local/Cellar/gcc-arm-none-eabi-63/20170628/bin/../lib/gcc/arm-none-eabi/6.3.1/../../../../arm-none-eabi/lib/thumb/v6-m/crt0.o] ==> ignore
    arg [-L/usr/local/Cellar/gcc-arm-none-eabi-63/20170628/bin/../lib/gcc/arm-none-eabi/6.3.1/thumb/v6-m] ==> dir [/usr/local/Cellar/gcc-arm-none-eabi-63/20170628/bin/../lib/gcc/arm-none-eabi/6.3.1/thumb/v6-m]
    arg [-L/usr/local/Cellar/gcc-arm-none-eabi-63/20170628/bin/../lib/gcc/arm-none-eabi/6.3.1/../../../../arm-none-eabi/lib/thumb/v6-m] ==> dir [/usr/local/Cellar/gcc-arm-none-eabi-63/20170628/bin/../lib/gcc/arm-none-eabi/6.3.1/../../../../arm-none-eabi/lib/thumb/v6-m]
    arg [-L/usr/local/Cellar/gcc-arm-none-eabi-63/20170628/bin/../arm-none-eabi/lib/thumb/v6-m] ==> dir [/usr/local/Cellar/gcc-arm-none-eabi-63/20170628/bin/../arm-none-eabi/lib/thumb/v6-m]
    arg [-L/usr/local/Cellar/gcc-arm-none-eabi-63/20170628/bin/../lib/gcc/arm-none-eabi/6.3.1] ==> dir [/usr/local/Cellar/gcc-arm-none-eabi-63/20170628/bin/../lib/gcc/arm-none-eabi/6.3.1]
    arg [-L/usr/local/Cellar/gcc-arm-none-eabi-63/20170628/bin/../lib/gcc] ==> dir [/usr/local/Cellar/gcc-arm-none-eabi-63/20170628/bin/../lib/gcc]
    arg [-L/usr/local/Cellar/gcc-arm-none-eabi-63/20170628/bin/../lib/gcc/arm-none-eabi/6.3.1/../../../../arm-none-eabi/lib] ==> dir [/usr/local/Cellar/gcc-arm-none-eabi-63/20170628/bin/../lib/gcc/arm-none-eabi/6.3.1/../../../../arm-none-eabi/lib]
    arg [-L/usr/local/Cellar/gcc-arm-none-eabi-63/20170628/bin/../arm-none-eabi/lib] ==> dir [/usr/local/Cellar/gcc-arm-none-eabi-63/20170628/bin/../arm-none-eabi/lib]
    arg [-gc-sections] ==> ignore
    arg [--print-memory-usage] ==> ignore
    arg [CMakeFiles/cmTC_13373.dir/CMakeCCompilerABI.c.obj] ==> ignore
    arg [--start-group] ==> ignore
    arg [-lgcc] ==> lib [gcc]
    arg [-lg_nano] ==> lib [g_nano]
    arg [-lc_nano] ==> lib [c_nano]
    arg [--end-group] ==> ignore
    arg [--start-group] ==> ignore
    arg [-lgcc] ==> lib [gcc]
    arg [-lc_nano] ==> lib [c_nano]
    arg [-lnosys] ==> lib [nosys]
    arg [--end-group] ==> ignore
    arg [--start-group] ==> ignore
    arg [-lgcc] ==> lib [gcc]
    arg [-lc_nano] ==> lib [c_nano]
    arg [-lnosys] ==> lib [nosys]
    arg [--end-group] ==> ignore
    arg [/usr/local/Cellar/gcc-arm-none-eabi-63/20170628/bin/../lib/gcc/arm-none-eabi/6.3.1/thumb/v6-m/crtend.o] ==> ignore
    arg [/usr/local/Cellar/gcc-arm-none-eabi-63/20170628/bin/../lib/gcc/arm-none-eabi/6.3.1/thumb/v6-m/crtn.o] ==> ignore
    arg [-T] ==> ignore
    arg [/Users/vitaliy/rg69_bme280/STM32F031F6Px_FLASH.ld] ==> ignore
  collapse library dir [/usr/local/Cellar/gcc-arm-none-eabi-63/20170628/bin/../lib/gcc/arm-none-eabi/6.3.1/thumb/v6-m] ==> [/usr/local/Cellar/gcc-arm-none-eabi-63/20170628/lib/gcc/arm-none-eabi/6.3.1/thumb/v6-m]
  collapse library dir [/usr/local/Cellar/gcc-arm-none-eabi-63/20170628/bin/../lib/gcc/arm-none-eabi/6.3.1/../../../../arm-none-eabi/lib/thumb/v6-m] ==> [/usr/local/Cellar/gcc-arm-none-eabi-63/20170628/arm-none-eabi/lib/thumb/v6-m]
  collapse library dir [/usr/local/Cellar/gcc-arm-none-eabi-63/20170628/bin/../arm-none-eabi/lib/thumb/v6-m] ==> [/usr/local/Cellar/gcc-arm-none-eabi-63/20170628/arm-none-eabi/lib/thumb/v6-m]
  collapse library dir [/usr/local/Cellar/gcc-arm-none-eabi-63/20170628/bin/../lib/gcc/arm-none-eabi/6.3.1] ==> [/usr/local/Cellar/gcc-arm-none-eabi-63/20170628/lib/gcc/arm-none-eabi/6.3.1]
  collapse library dir [/usr/local/Cellar/gcc-arm-none-eabi-63/20170628/bin/../lib/gcc] ==> [/usr/local/Cellar/gcc-arm-none-eabi-63/20170628/lib/gcc]
  collapse library dir [/usr/local/Cellar/gcc-arm-none-eabi-63/20170628/bin/../lib/gcc/arm-none-eabi/6.3.1/../../../../arm-none-eabi/lib] ==> [/usr/local/Cellar/gcc-arm-none-eabi-63/20170628/arm-none-eabi/lib]
  collapse library dir [/usr/local/Cellar/gcc-arm-none-eabi-63/20170628/bin/../arm-none-eabi/lib] ==> [/usr/local/Cellar/gcc-arm-none-eabi-63/20170628/arm-none-eabi/lib]
  implicit libs: [gcc;g_nano;c_nano;gcc;c_nano;nosys;gcc;c_nano;nosys]
  implicit dirs: [/usr/local/Cellar/gcc-arm-none-eabi-63/20170628/lib/gcc/arm-none-eabi/6.3.1/thumb/v6-m;/usr/local/Cellar/gcc-arm-none-eabi-63/20170628/arm-none-eabi/lib/thumb/v6-m;/usr/local/Cellar/gcc-arm-none-eabi-63/20170628/lib/gcc/arm-none-eabi/6.3.1;/usr/local/Cellar/gcc-arm-none-eabi-63/20170628/lib/gcc;/usr/local/Cellar/gcc-arm-none-eabi-63/20170628/arm-none-eabi/lib]
  implicit fwks: []




Detecting C [-std=c11] compiler features compiled with the following output:
Change Dir: /Users/vitaliy/rg69_bme280/cmake-build-debug/CMakeFiles/CMakeTmp

Run Build Command(s):/usr/local/bin/gmake cmTC_5dda4/fast 
/usr/local/bin/gmake -f CMakeFiles/cmTC_5dda4.dir/build.make CMakeFiles/cmTC_5dda4.dir/build
gmake[1]: Entering directory '/Users/vitaliy/rg69_bme280/cmake-build-debug/CMakeFiles/CMakeTmp'
Building C object CMakeFiles/cmTC_5dda4.dir/feature_tests.c.obj
/usr/local/bin/arm-none-eabi-gcc   -mcpu=cortex-m0  -mthumb -mthumb-interwork -ffunction-sections -fdata-sections     -g -fno-common -fmessage-length=0 -specs=nosys.specs -specs=nano.specs -std=gnu99    -std=c11 -o CMakeFiles/cmTC_5dda4.dir/feature_tests.c.obj   -c /Users/vitaliy/rg69_bme280/cmake-build-debug/CMakeFiles/feature_tests.c
Linking C executable cmTC_5dda4
/Applications/CLion.app/Contents/bin/cmake/mac/bin/cmake -E cmake_link_script CMakeFiles/cmTC_5dda4.dir/link.txt --verbose=1
/usr/local/bin/arm-none-eabi-gcc -mcpu=cortex-m0  -mthumb -mthumb-interwork -ffunction-sections -fdata-sections     -g -fno-common -fmessage-length=0 -specs=nosys.specs -specs=nano.specs -std=gnu99   -Wl,-gc-sections,--print-memory-usage -T /Users/vitaliy/rg69_bme280/STM32F031F6Px_FLASH.ld  CMakeFiles/cmTC_5dda4.dir/feature_tests.c.obj  -o cmTC_5dda4 
Memory region         Used Size  Region Size  %age Used
             RAM:        1568 B         4 KB     38.28%
           FLASH:         128 B        32 KB      0.39/usr/local/Cellar/gcc-arm-none-eabi-63/20170628/bin/../lib/gcc/arm-none-eabi/6.3.1/../../../../arm-none-eabi/bin/ld: warning: cannot find entry symbol Reset_Handler; defaulting to 0000000008000000
%
gmake[1]: Leaving directory '/Users/vitaliy/rg69_bme280/cmake-build-debug/CMakeFiles/CMakeTmp'




Detecting C [-std=c99] compiler features compiled with the following output:
Change Dir: /Users/vitaliy/rg69_bme280/cmake-build-debug/CMakeFiles/CMakeTmp

Run Build Command(s):/usr/local/bin/gmake cmTC_70c58/fast 
/usr/local/bin/gmake -f CMakeFiles/cmTC_70c58.dir/build.make CMakeFiles/cmTC_70c58.dir/build
gmake[1]: Entering directory '/Users/vitaliy/rg69_bme280/cmake-build-debug/CMakeFiles/CMakeTmp'
Building C object CMakeFiles/cmTC_70c58.dir/feature_tests.c.obj
/usr/local/bin/arm-none-eabi-gcc   -mcpu=cortex-m0  -mthumb -mthumb-interwork -ffunction-sections -fdata-sections     -g -fno-common -fmessage-length=0 -specs=nosys.specs -specs=nano.specs -std=gnu99    -std=c99 -o CMakeFiles/cmTC_70c58.dir/feature_tests.c.obj   -c /Users/vitaliy/rg69_bme280/cmake-build-debug/CMakeFiles/feature_tests.c
Linking C executable cmTC_70c58
/Applications/CLion.app/Contents/bin/cmake/mac/bin/cmake -E cmake_link_script CMakeFiles/cmTC_70c58.dir/link.txt --verbose=1
/usr/local/bin/arm-none-eabi-gcc -mcpu=cortex-m0  -mthumb -mthumb-interwork -ffunction-sections -fdata-sections     -g -fno-common -fmessage-length=0 -specs=nosys.specs -specs=nano.specs -std=gnu99   -Wl,-gc-sections,--print-memory-usage -T /Users/vitaliy/rg69_bme280/STM32F031F6Px_FLASH.ld  CMakeFiles/cmTC_70c58.dir/feature_tests.c.obj  -o cmTC_70c58 
Memory region         Used Size  Region Size  %age Used
             RAM:        1568 B         4 KB     38.28%
           FLASH:         128 B        32 KB      0.39/usr/local/Cellar/gcc-arm-none-eabi-63/20170628/bin/../lib/gcc/arm-none-eabi/6.3.1/../../../../arm-none-eabi/bin/ld: warning: cannot find entry symbol Reset_Handler; defaulting to 0000000008000000
%
gmake[1]: Leaving directory '/Users/vitaliy/rg69_bme280/cmake-build-debug/CMakeFiles/CMakeTmp'




Detecting C [-std=c90] compiler features compiled with the following output:
Change Dir: /Users/vitaliy/rg69_bme280/cmake-build-debug/CMakeFiles/CMakeTmp

Run Build Command(s):/usr/local/bin/gmake cmTC_59e02/fast 
/usr/local/bin/gmake -f CMakeFiles/cmTC_59e02.dir/build.make CMakeFiles/cmTC_59e02.dir/build
gmake[1]: Entering directory '/Users/vitaliy/rg69_bme280/cmake-build-debug/CMakeFiles/CMakeTmp'
Building C object CMakeFiles/cmTC_59e02.dir/feature_tests.c.obj
/usr/local/bin/arm-none-eabi-gcc   -mcpu=cortex-m0  -mthumb -mthumb-interwork -ffunction-sections -fdata-sections     -g -fno-common -fmessage-length=0 -specs=nosys.specs -specs=nano.specs -std=gnu99    -std=c90 -o CMakeFiles/cmTC_59e02.dir/feature_tests.c.obj   -c /Users/vitaliy/rg69_bme280/cmake-build-debug/CMakeFiles/feature_tests.c
Linking C executable cmTC_59e02
/Applications/CLion.app/Contents/bin/cmake/mac/bin/cmake -E cmake_link_script CMakeFiles/cmTC_59e02.dir/link.txt --verbose=1
/usr/local/bin/arm-none-eabi-gcc -mcpu=cortex-m0  -mthumb -mthumb-interwork -ffunction-sections -fdata-sections     -g -fno-common -fmessage-length=0 -specs=nosys.specs -specs=nano.specs -std=gnu99   -Wl,-gc-sections,--print-memory-usage -T /Users/vitaliy/rg69_bme280/STM32F031F6Px_FLASH.ld  CMakeFiles/cmTC_59e02.dir/feature_tests.c.obj  -o cmTC_59e02 
Memory region         Used Size  Region Size  %age Used
             RAM:        1568 B         4 KB     38.28%
           FLASH:         128 B        32 KB      0.39/usr/local/Cellar/gcc-arm-none-eabi-63/20170628/bin/../lib/gcc/arm-none-eabi/6.3.1/../../../../arm-none-eabi/bin/ld: warning: cannot find entry symbol Reset_Handler; defaulting to 0000000008000000
%
gmake[1]: Leaving directory '/Users/vitaliy/rg69_bme280/cmake-build-debug/CMakeFiles/CMakeTmp'


Detecting CXX compiler ABI info compiled with the following output:
Change Dir: /Users/vitaliy/rg69_bme280/cmake-build-debug/CMakeFiles/CMakeTmp

Run Build Command(s):/usr/local/bin/gmake cmTC_1aef2/fast 
/usr/local/bin/gmake -f CMakeFiles/cmTC_1aef2.dir/build.make CMakeFiles/cmTC_1aef2.dir/build
gmake[1]: Entering directory '/Users/vitaliy/rg69_bme280/cmake-build-debug/CMakeFiles/CMakeTmp'
Building CXX object CMakeFiles/cmTC_1aef2.dir/CMakeCXXCompilerABI.cpp.obj
/usr/local/bin/arm-none-eabi-g++    -mcpu=cortex-m0  -mthumb -mthumb-interwork -ffunction-sections -fdata-sections     -g -fno-common -fmessage-length=0 -specs=nosys.specs -specs=nano.specs -std=c++11    -v -o CMakeFiles/cmTC_1aef2.dir/CMakeCXXCompilerABI.cpp.obj -c /Applications/CLion.app/Contents/bin/cmake/mac/share/cmake-3.14/Modules/CMakeCXXCompilerABI.cpp
Using built-in specs.
Reading specs from /usr/local/Cellar/gcc-arm-none-eabi-63/20170628/bin/../lib/gcc/arm-none-eabi/6.3.1/../../../../arm-none-eabi/lib/nosys.specs
rename spec link_gcc_c_sequence to nosys_link_gcc_c_sequence
Reading specs from /usr/local/Cellar/gcc-arm-none-eabi-63/20170628/bin/../lib/gcc/arm-none-eabi/6.3.1/../../../../arm-none-eabi/lib/nano.specs
rename spec link to nano_link
rename spec link_gcc_c_sequence to nano_link_gcc_c_sequence
rename spec cpp_unique_options to nano_cpp_unique_options
COLLECT_GCC=/usr/local/bin/arm-none-eabi-g++
Target: arm-none-eabi
Configured with: /tmp/jenkins-GCC-6-build_build-toolchain-mac-262_20170621_1498074986/src/gcc/configure --target=arm-none-eabi --prefix=/tmp/jenkins-GCC-6-build_build-toolchain-mac-262_20170621_1498074986/install-native --libexecdir=/tmp/jenkins-GCC-6-build_build-toolchain-mac-262_20170621_1498074986/install-native/lib --infodir=/tmp/jenkins-GCC-6-build_build-toolchain-mac-262_20170621_1498074986/install-native/share/doc/gcc-arm-none-eabi/info --mandir=/tmp/jenkins-GCC-6-build_build-toolchain-mac-262_20170621_1498074986/install-native/share/doc/gcc-arm-none-eabi/man --htmldir=/tmp/jenkins-GCC-6-build_build-toolchain-mac-262_20170621_1498074986/install-native/share/doc/gcc-arm-none-eabi/html --pdfdir=/tmp/jenkins-GCC-6-build_build-toolchain-mac-262_20170621_1498074986/install-native/share/doc/gcc-arm-none-eabi/pdf --enable-languages=c,c++ --enable-plugins --disable-decimal-float --disable-libffi --disable-libgomp --disable-libmudflap --disable-libquadmath --disable-libssp --disable-libstdcxx-pch --disable-nls --disable-shared --disable-threads --disable-tls --with-gnu-as --with-gnu-ld --with-newlib --with-headers=yes --with-python-dir=share/gcc-arm-none-eabi --with-sysroot=/tmp/jenkins-GCC-6-build_build-toolchain-mac-262_20170621_1498074986/install-native/arm-none-eabi --build=x86_64-apple-darwin10 --host=x86_64-apple-darwin10 --with-gmp=/tmp/jenkins-GCC-6-build_build-toolchain-mac-262_20170621_1498074986/build-native/host-libs/usr --with-mpfr=/tmp/jenkins-GCC-6-build_build-toolchain-mac-262_20170621_1498074986/build-native/host-libs/usr --with-mpc=/tmp/jenkins-GCC-6-build_build-toolchain-mac-262_20170621_1498074986/build-native/host-libs/usr --with-isl=/tmp/jenkins-GCC-6-build_build-toolchain-mac-262_20170621_1498074986/build-native/host-libs/usr --with-libelf=/tmp/jenkins-GCC-6-build_build-toolchain-mac-262_20170621_1498074986/build-native/host-libs/usr --with-host-libstdcxx='-static-libgcc -Wl,-lstdc++ -lm' --with-pkgversion='GNU Tools for ARM Embedded Processors 6-2017-q2-update' --with-multilib-list=rmprofile
Thread model: single
gcc version 6.3.1 20170620 (release) [ARM/embedded-6-branch revision 249437] (GNU Tools for ARM Embedded Processors 6-2017-q2-update) 
COLLECT_GCC_OPTIONS='-mcpu=cortex-m0' '-mthumb' '-mthumb-interwork' '-ffunction-sections' '-fdata-sections' '-g' '-fno-common' '-fmessage-length=0' '-specs=nosys.specs' '-specs=nano.specs' '-std=c++11' '-v' '-o' 'CMakeFiles/cmTC_1aef2.dir/CMakeCXXCompilerABI.cpp.obj' '-c'
 /usr/local/Cellar/gcc-arm-none-eabi-63/20170628/bin/../lib/gcc/arm-none-eabi/6.3.1/cc1plus -isystem =/include/newlib-nano -quiet -v -imultilib thumb/v6-m -iprefix /usr/local/Cellar/gcc-arm-none-eabi-63/20170628/bin/../lib/gcc/arm-none-eabi/6.3.1/ -isysroot /usr/local/Cellar/gcc-arm-none-eabi-63/20170628/bin/../arm-none-eabi -D__USES_INITFINI__ /Applications/CLion.app/Contents/bin/cmake/mac/share/cmake-3.14/Modules/CMakeCXXCompilerABI.cpp -quiet -dumpbase CMakeCXXCompilerABI.cpp -mcpu=cortex-m0 -mthumb -mthumb-interwork -auxbase-strip CMakeFiles/cmTC_1aef2.dir/CMakeCXXCompilerABI.cpp.obj -g -std=c++11 -version -ffunction-sections -fdata-sections -fno-common -fmessage-length=0 -o /var/folders/yr/y1zpv0pj4x1c42lkb13j_mzr0000gn/T//ccLCj3HQ.s
GNU C++11 (GNU Tools for ARM Embedded Processors 6-2017-q2-update) version 6.3.1 20170620 (release) [ARM/embedded-6-branch revision 249437] (arm-none-eabi)
	compiled by GNU C version 5.4.0, GMP version 6.1.0, MPFR version 3.1.4, MPC version 1.0.3, isl version 0.15
GGC heuristics: --param ggc-min-expand=100 --param ggc-min-heapsize=131072
ignoring duplicate directory "/usr/local/Cellar/gcc-arm-none-eabi-63/20170628/bin/../lib/gcc/../../lib/gcc/arm-none-eabi/6.3.1/../../../../arm-none-eabi/include/c++/6.3.1"
ignoring duplicate directory "/usr/local/Cellar/gcc-arm-none-eabi-63/20170628/bin/../lib/gcc/../../lib/gcc/arm-none-eabi/6.3.1/../../../../arm-none-eabi/include/c++/6.3.1/arm-none-eabi/thumb/v6-m"
ignoring duplicate directory "/usr/local/Cellar/gcc-arm-none-eabi-63/20170628/bin/../lib/gcc/../../lib/gcc/arm-none-eabi/6.3.1/../../../../arm-none-eabi/include/c++/6.3.1/backward"
ignoring duplicate directory "/usr/local/Cellar/gcc-arm-none-eabi-63/20170628/bin/../lib/gcc/../../lib/gcc/arm-none-eabi/6.3.1/include"
ignoring nonexistent directory "/usr/local/Cellar/gcc-arm-none-eabi-63/20170628/bin/../arm-none-eabi/usr/local/include"
ignoring duplicate directory "/usr/local/Cellar/gcc-arm-none-eabi-63/20170628/bin/../lib/gcc/../../lib/gcc/arm-none-eabi/6.3.1/include-fixed"
ignoring duplicate directory "/usr/local/Cellar/gcc-arm-none-eabi-63/20170628/bin/../lib/gcc/../../lib/gcc/arm-none-eabi/6.3.1/../../../../arm-none-eabi/include"
ignoring nonexistent directory "/usr/local/Cellar/gcc-arm-none-eabi-63/20170628/bin/../arm-none-eabi/usr/include"
#include "..." search starts here:
#include <...> search starts here:
 /usr/local/Cellar/gcc-arm-none-eabi-63/20170628/bin/../arm-none-eabi/include/newlib-nano
 /usr/local/Cellar/gcc-arm-none-eabi-63/20170628/bin/../lib/gcc/arm-none-eabi/6.3.1/../../../../arm-none-eabi/include/c++/6.3.1
 /usr/local/Cellar/gcc-arm-none-eabi-63/20170628/bin/../lib/gcc/arm-none-eabi/6.3.1/../../../../arm-none-eabi/include/c++/6.3.1/arm-none-eabi/thumb/v6-m
 /usr/local/Cellar/gcc-arm-none-eabi-63/20170628/bin/../lib/gcc/arm-none-eabi/6.3.1/../../../../arm-none-eabi/include/c++/6.3.1/backward
 /usr/local/Cellar/gcc-arm-none-eabi-63/20170628/bin/../lib/gcc/arm-none-eabi/6.3.1/include
 /usr/local/Cellar/gcc-arm-none-eabi-63/20170628/bin/../lib/gcc/arm-none-eabi/6.3.1/include-fixed
 /usr/local/Cellar/gcc-arm-none-eabi-63/20170628/bin/../lib/gcc/arm-none-eabi/6.3.1/../../../../arm-none-eabi/include
End of search list.
GNU C++11 (GNU Tools for ARM Embedded Processors 6-2017-q2-update) version 6.3.1 20170620 (release) [ARM/embedded-6-branch revision 249437] (arm-none-eabi)
	compiled by GNU C version 5.4.0, GMP version 6.1.0, MPFR version 3.1.4, MPC version 1.0.3, isl version 0.15
GGC heuristics: --param ggc-min-expand=100 --param ggc-min-heapsize=131072
Compiler executable checksum: 8ddfff81fa2b49065bc3c5a9d65d3f19
COLLECT_GCC_OPTIONS='-mcpu=cortex-m0' '-mthumb' '-mthumb-interwork' '-ffunction-sections' '-fdata-sections' '-g' '-fno-common' '-fmessage-length=0' '-specs=nosys.specs' '-specs=nano.specs' '-std=c++11' '-v' '-o' 'CMakeFiles/cmTC_1aef2.dir/CMakeCXXCompilerABI.cpp.obj' '-c'
 /usr/local/Cellar/gcc-arm-none-eabi-63/20170628/bin/../lib/gcc/arm-none-eabi/6.3.1/../../../../arm-none-eabi/bin/as -v -mcpu=cortex-m0 -mthumb-interwork -meabi=5 -o CMakeFiles/cmTC_1aef2.dir/CMakeCXXCompilerABI.cpp.obj /var/folders/yr/y1zpv0pj4x1c42lkb13j_mzr0000gn/T//ccLCj3HQ.s
GNU assembler version 2.28.0 (arm-none-eabi) using BFD version (GNU Tools for ARM Embedded Processors 6-2017-q2-update) 2.28.0.20170620
COMPILER_PATH=/usr/local/Cellar/gcc-arm-none-eabi-63/20170628/bin/../lib/gcc/arm-none-eabi/6.3.1/:/usr/local/Cellar/gcc-arm-none-eabi-63/20170628/bin/../lib/gcc/:/usr/local/Cellar/gcc-arm-none-eabi-63/20170628/bin/../lib/gcc/arm-none-eabi/6.3.1/../../../../arm-none-eabi/bin/
LIBRARY_PATH=/usr/local/Cellar/gcc-arm-none-eabi-63/20170628/bin/../lib/gcc/arm-none-eabi/6.3.1/thumb/v6-m/:/usr/local/Cellar/gcc-arm-none-eabi-63/20170628/bin/../lib/gcc/arm-none-eabi/6.3.1/../../../../arm-none-eabi/lib/thumb/v6-m/:/usr/local/Cellar/gcc-arm-none-eabi-63/20170628/bin/../arm-none-eabi/lib/thumb/v6-m/:/usr/local/Cellar/gcc-arm-none-eabi-63/20170628/bin/../lib/gcc/arm-none-eabi/6.3.1/:/usr/local/Cellar/gcc-arm-none-eabi-63/20170628/bin/../lib/gcc/:/usr/local/Cellar/gcc-arm-none-eabi-63/20170628/bin/../lib/gcc/arm-none-eabi/6.3.1/../../../../arm-none-eabi/lib/:/usr/local/Cellar/gcc-arm-none-eabi-63/20170628/bin/../arm-none-eabi/lib/
COLLECT_GCC_OPTIONS='-mcpu=cortex-m0' '-mthumb' '-mthumb-interwork' '-ffunction-sections' '-fdata-sections' '-g' '-fno-common' '-fmessage-length=0' '-specs=nosys.specs' '-specs=nano.specs' '-std=c++11' '-v' '-o' 'CMakeFiles/cmTC_1aef2.dir/CMakeCXXCompilerABI.cpp.obj' '-c'
Linking CXX executable cmTC_1aef2
/Applications/CLion.app/Contents/bin/cmake/mac/bin/cmake -E cmake_link_script CMakeFiles/cmTC_1aef2.dir/link.txt --verbose=1
/usr/local/bin/arm-none-eabi-g++  -mcpu=cortex-m0  -mthumb -mthumb-interwork -ffunction-sections -fdata-sections     -g -fno-common -fmessage-length=0 -specs=nosys.specs -specs=nano.specs -std=c++11   -Wl,-gc-sections,--print-memory-usage -T /Users/vitaliy/rg69_bme280/STM32F031F6Px_FLASH.ld -v CMakeFiles/cmTC_1aef2.dir/CMakeCXXCompilerABI.cpp.obj  -o cmTC_1aef2 
Using built-in specs.
Reading specs from /usr/local/Cellar/gcc-arm-none-eabi-63/20170628/bin/../lib/gcc/arm-none-eabi/6.3.1/../../../../arm-none-eabi/lib/nosys.specs
rename spec link_gcc_c_sequence to nosys_link_gcc_c_sequence
Reading specs from /usr/local/Cellar/gcc-arm-none-eabi-63/20170628/bin/../lib/gcc/arm-none-eabi/6.3.1/../../../../arm-none-eabi/lib/nano.specs
rename spec link to nano_link
rename spec link_gcc_c_sequence to nano_link_gcc_c_sequence
rename spec cpp_unique_options to nano_cpp_unique_options
COLLECT_GCC=/usr/local/bin/arm-none-eabi-g++
COLLECT_LTO_WRAPPER=/usr/local/Cellar/gcc-arm-none-eabi-63/20170628/bin/../lib/gcc/arm-none-eabi/6.3.1/lto-wrapper
Target: arm-none-eabi
Configured with: /tmp/jenkins-GCC-6-build_build-toolchain-mac-262_20170621_1498074986/src/gcc/configure --target=arm-none-eabi --prefix=/tmp/jenkins-GCC-6-build_build-toolchain-mac-262_20170621_1498074986/install-native --libexecdir=/tmp/jenkins-GCC-6-build_build-toolchain-mac-262_20170621_1498074986/install-native/lib --infodir=/tmp/jenkins-GCC-6-build_build-toolchain-mac-262_20170621_1498074986/install-native/share/doc/gcc-arm-none-eabi/info --mandir=/tmp/jenkins-GCC-6-build_build-toolchain-mac-262_20170621_1498074986/install-native/share/doc/gcc-arm-none-eabi/man --htmldir=/tmp/jenkins-GCC-6-build_build-toolchain-mac-262_20170621_1498074986/install-native/share/doc/gcc-arm-none-eabi/html --pdfdir=/tmp/jenkins-GCC-6-build_build-toolchain-mac-262_20170621_1498074986/install-native/share/doc/gcc-arm-none-eabi/pdf --enable-languages=c,c++ --enable-plugins --disable-decimal-float --disable-libffi --disable-libgomp --disable-libmudflap --disable-libquadmath --disable-libssp --disable-libstdcxx-pch --disable-nls --disable-shared --disable-threads --disable-tls --with-gnu-as --with-gnu-ld --with-newlib --with-headers=yes --with-python-dir=share/gcc-arm-none-eabi --with-sysroot=/tmp/jenkins-GCC-6-build_build-toolchain-mac-262_20170621_1498074986/install-native/arm-none-eabi --build=x86_64-apple-darwin10 --host=x86_64-apple-darwin10 --with-gmp=/tmp/jenkins-GCC-6-build_build-toolchain-mac-262_20170621_1498074986/build-native/host-libs/usr --with-mpfr=/tmp/jenkins-GCC-6-build_build-toolchain-mac-262_20170621_1498074986/build-native/host-libs/usr --with-mpc=/tmp/jenkins-GCC-6-build_build-toolchain-mac-262_20170621_1498074986/build-native/host-libs/usr --with-isl=/tmp/jenkins-GCC-6-build_build-toolchain-mac-262_20170621_1498074986/build-native/host-libs/usr --with-libelf=/tmp/jenkins-GCC-6-build_build-toolchain-mac-262_20170621_1498074986/build-native/host-libs/usr --with-host-libstdcxx='-static-libgcc -Wl,-lstdc++ -lm' --with-pkgversion='GNU Tools for ARM Embedded Processors 6-2017-q2-update' --with-multilib-list=rmprofile
Thread model: single
gcc version 6.3.1 20170620 (release) [ARM/embedded-6-branch revision 249437] (GNU Tools for ARM Embedded Processors 6-2017-q2-update) 
COMPILER_PATH=/usr/local/Cellar/gcc-arm-none-eabi-63/20170628/bin/../lib/gcc/arm-none-eabi/6.3.1/:/usr/local/Cellar/gcc-arm-none-eabi-63/20170628/bin/../lib/gcc/:/usr/local/Cellar/gcc-arm-none-eabi-63/20170628/bin/../lib/gcc/arm-none-eabi/6.3.1/../../../../arm-none-eabi/bin/
LIBRARY_PATH=/usr/local/Cellar/gcc-arm-none-eabi-63/20170628/bin/../lib/gcc/arm-none-eabi/6.3.1/thumb/v6-m/:/usr/local/Cellar/gcc-arm-none-eabi-63/20170628/bin/../lib/gcc/arm-none-eabi/6.3.1/../../../../arm-none-eabi/lib/thumb/v6-m/:/usr/local/Cellar/gcc-arm-none-eabi-63/20170628/bin/../arm-none-eabi/lib/thumb/v6-m/:/usr/local/Cellar/gcc-arm-none-eabi-63/20170628/bin/../lib/gcc/arm-none-eabi/6.3.1/:/usr/local/Cellar/gcc-arm-none-eabi-63/20170628/bin/../lib/gcc/:/usr/local/Cellar/gcc-arm-none-eabi-63/20170628/bin/../lib/gcc/arm-none-eabi/6.3.1/../../../../arm-none-eabi/lib/:/usr/local/Cellar/gcc-arm-none-eabi-63/20170628/bin/../arm-none-eabi/lib/
COLLECT_GCC_OPTIONS='-mcpu=cortex-m0' '-mthumb' '-mthumb-interwork' '-ffunction-sections' '-fdata-sections' '-g' '-fno-common' '-fmessage-length=0' '-specs=nosys.specs' '-specs=nano.specs' '-std=c++11' '-T' '/Users/vitaliy/rg69_bme280/STM32F031F6Px_FLASH.ld' '-v' '-o' 'cmTC_1aef2'
 /usr/local/Cellar/gcc-arm-none-eabi-63/20170628/bin/../lib/gcc/arm-none-eabi/6.3.1/collect2 -plugin /usr/local/Cellar/gcc-arm-none-eabi-63/20170628/bin/../lib/gcc/arm-none-eabi/6.3.1/liblto_plugin.so -plugin-opt=/usr/local/Cellar/gcc-arm-none-eabi-63/20170628/bin/../lib/gcc/arm-none-eabi/6.3.1/lto-wrapper -plugin-opt=-fresolution=/var/folders/yr/y1zpv0pj4x1c42lkb13j_mzr0000gn/T//ccNjfBuw.res -plugin-opt=-pass-through=-lgcc -plugin-opt=-pass-through=-lg_nano -plugin-opt=-pass-through=-lc_nano -plugin-opt=-pass-through=-lgcc -plugin-opt=-pass-through=-lc_nano -plugin-opt=-pass-through=-lnosys -plugin-opt=-pass-through=-lgcc -plugin-opt=-pass-through=-lc_nano -plugin-opt=-pass-through=-lnosys --sysroot=/usr/local/Cellar/gcc-arm-none-eabi-63/20170628/bin/../arm-none-eabi -X -o cmTC_1aef2 /usr/local/Cellar/gcc-arm-none-eabi-63/20170628/bin/../lib/gcc/arm-none-eabi/6.3.1/thumb/v6-m/crti.o /usr/local/Cellar/gcc-arm-none-eabi-63/20170628/bin/../lib/gcc/arm-none-eabi/6.3.1/thumb/v6-m/crtbegin.o /usr/local/Cellar/gcc-arm-none-eabi-63/20170628/bin/../lib/gcc/arm-none-eabi/6.3.1/../../../../arm-none-eabi/lib/thumb/v6-m/crt0.o -L/usr/local/Cellar/gcc-arm-none-eabi-63/20170628/bin/../lib/gcc/arm-none-eabi/6.3.1/thumb/v6-m -L/usr/local/Cellar/gcc-arm-none-eabi-63/20170628/bin/../lib/gcc/arm-none-eabi/6.3.1/../../../../arm-none-eabi/lib/thumb/v6-m -L/usr/local/Cellar/gcc-arm-none-eabi-63/20170628/bin/../arm-none-eabi/lib/thumb/v6-m -L/usr/local/Cellar/gcc-arm-none-eabi-63/20170628/bin/../lib/gcc/arm-none-eabi/6.3.1 -L/usr/local/Cellar/gcc-arm-none-eabi-63/20170628/bin/../lib/gcc -L/usr/local/Cellar/gcc-arm-none-eabi-63/20170628/bin/../lib/gcc/arm-none-eabi/6.3.1/../../../../arm-none-eabi/lib -L/usr/local/Cellar/gcc-arm-none-eabi-63/20170628/bin/../arm-none-eabi/lib -gc-sections --print-memory-usage CMakeFiles/cmTC_1aef2.dir/CMakeCXXCompilerABI.cpp.obj -lstdc++_nano -lm --start-group -lgcc -lg_nano -lc_nano --end-group --start-group -lgcc -lc_nano -lnosys --end-group --start-group -lgcc -lc_nano -lnosys --end-group /usr/local/Cellar/gcc-arm-none-eabi-63/20170628/bin/../lib/gcc/arm-none-eabi/6.3.1/thumb/v6-m/crtend.o /usr/local/Cellar/gcc-arm-none-eabi-63/20170628/bin/../lib/gcc/arm-none-eabi/6.3.1/thumb/v6-m/crtn.o -T /Users/vitaliy/rg69_bme280/STM32F031F6Px_FLASH.ld
Memory region         Used Size  Region Size  %age Used
             RAM:        1568 B         4 KB     38.28%
           FLASH:         128 B        32 KB      0.39/usr/local/Cellar/gcc-arm-none-eabi-63/20170628/bin/../lib/gcc/arm-none-eabi/6.3.1/../../../../arm-none-eabi/bin/ld: warning: cannot find entry symbol Reset_Handler; defaulting to 0000000008000000
%
COLLECT_GCC_OPTIONS='-mcpu=cortex-m0' '-mthumb' '-mthumb-interwork' '-ffunction-sections' '-fdata-sections' '-g' '-fno-common' '-fmessage-length=0' '-specs=nosys.specs' '-specs=nano.specs' '-std=c++11' '-T' '/Users/vitaliy/rg69_bme280/STM32F031F6Px_FLASH.ld' '-v' '-o' 'cmTC_1aef2'
gmake[1]: Leaving directory '/Users/vitaliy/rg69_bme280/cmake-build-debug/CMakeFiles/CMakeTmp'


Parsed CXX implicit include dir info from above output: rv=done
  found start of include info
  found start of implicit include info
    add: [/usr/local/Cellar/gcc-arm-none-eabi-63/20170628/bin/../arm-none-eabi/include/newlib-nano]
    add: [/usr/local/Cellar/gcc-arm-none-eabi-63/20170628/bin/../lib/gcc/arm-none-eabi/6.3.1/../../../../arm-none-eabi/include/c++/6.3.1]
    add: [/usr/local/Cellar/gcc-arm-none-eabi-63/20170628/bin/../lib/gcc/arm-none-eabi/6.3.1/../../../../arm-none-eabi/include/c++/6.3.1/arm-none-eabi/thumb/v6-m]
    add: [/usr/local/Cellar/gcc-arm-none-eabi-63/20170628/bin/../lib/gcc/arm-none-eabi/6.3.1/../../../../arm-none-eabi/include/c++/6.3.1/backward]
    add: [/usr/local/Cellar/gcc-arm-none-eabi-63/20170628/bin/../lib/gcc/arm-none-eabi/6.3.1/include]
    add: [/usr/local/Cellar/gcc-arm-none-eabi-63/20170628/bin/../lib/gcc/arm-none-eabi/6.3.1/include-fixed]
    add: [/usr/local/Cellar/gcc-arm-none-eabi-63/20170628/bin/../lib/gcc/arm-none-eabi/6.3.1/../../../../arm-none-eabi/include]
  end of search list found
  collapse include dir [/usr/local/Cellar/gcc-arm-none-eabi-63/20170628/bin/../arm-none-eabi/include/newlib-nano] ==> [/usr/local/Cellar/gcc-arm-none-eabi-63/20170628/arm-none-eabi/include/newlib-nano]
  collapse include dir [/usr/local/Cellar/gcc-arm-none-eabi-63/20170628/bin/../lib/gcc/arm-none-eabi/6.3.1/../../../../arm-none-eabi/include/c++/6.3.1] ==> [/usr/local/Cellar/gcc-arm-none-eabi-63/20170628/arm-none-eabi/include/c++/6.3.1]
  collapse include dir [/usr/local/Cellar/gcc-arm-none-eabi-63/20170628/bin/../lib/gcc/arm-none-eabi/6.3.1/../../../../arm-none-eabi/include/c++/6.3.1/arm-none-eabi/thumb/v6-m] ==> [/usr/local/Cellar/gcc-arm-none-eabi-63/20170628/arm-none-eabi/include/c++/6.3.1/arm-none-eabi/thumb/v6-m]
  collapse include dir [/usr/local/Cellar/gcc-arm-none-eabi-63/20170628/bin/../lib/gcc/arm-none-eabi/6.3.1/../../../../arm-none-eabi/include/c++/6.3.1/backward] ==> [/usr/local/Cellar/gcc-arm-none-eabi-63/20170628/arm-none-eabi/include/c++/6.3.1/backward]
  collapse include dir [/usr/local/Cellar/gcc-arm-none-eabi-63/20170628/bin/../lib/gcc/arm-none-eabi/6.3.1/include] ==> [/usr/local/Cellar/gcc-arm-none-eabi-63/20170628/lib/gcc/arm-none-eabi/6.3.1/include]
  collapse include dir [/usr/local/Cellar/gcc-arm-none-eabi-63/20170628/bin/../lib/gcc/arm-none-eabi/6.3.1/include-fixed] ==> [/usr/local/Cellar/gcc-arm-none-eabi-63/20170628/lib/gcc/arm-none-eabi/6.3.1/include-fixed]
  collapse include dir [/usr/local/Cellar/gcc-arm-none-eabi-63/20170628/bin/../lib/gcc/arm-none-eabi/6.3.1/../../../../arm-none-eabi/include] ==> [/usr/local/Cellar/gcc-arm-none-eabi-63/20170628/arm-none-eabi/include]
  implicit include dirs: [/usr/local/Cellar/gcc-arm-none-eabi-63/20170628/arm-none-eabi/include/newlib-nano;/usr/local/Cellar/gcc-arm-none-eabi-63/20170628/arm-none-eabi/include/c++/6.3.1;/usr/local/Cellar/gcc-arm-none-eabi-63/20170628/arm-none-eabi/include/c++/6.3.1/arm-none-eabi/thumb/v6-m;/usr/local/Cellar/gcc-arm-none-eabi-63/20170628/arm-none-eabi/include/c++/6.3.1/backward;/usr/local/Cellar/gcc-arm-none-eabi-63/20170628/lib/gcc/arm-none-eabi/6.3.1/include;/usr/local/Cellar/gcc-arm-none-eabi-63/20170628/lib/gcc/arm-none-eabi/6.3.1/include-fixed;/usr/local/Cellar/gcc-arm-none-eabi-63/20170628/arm-none-eabi/include]


Parsed CXX implicit link information from above output:
  link line regex: [^( *|.*[/\])(arm-none-eabi-ld|CMAKE_LINK_STARTFILE-NOTFOUND|([^/\]+-)?ld|collect2)[^/\]*( |$)]
  ignore line: [Change Dir: /Users/vitaliy/rg69_bme280/cmake-build-debug/CMakeFiles/CMakeTmp]
  ignore line: []
  ignore line: [Run Build Command(s):/usr/local/bin/gmake cmTC_1aef2/fast ]
  ignore line: [/usr/local/bin/gmake -f CMakeFiles/cmTC_1aef2.dir/build.make CMakeFiles/cmTC_1aef2.dir/build]
  ignore line: [gmake[1]: Entering directory '/Users/vitaliy/rg69_bme280/cmake-build-debug/CMakeFiles/CMakeTmp']
  ignore line: [Building CXX object CMakeFiles/cmTC_1aef2.dir/CMakeCXXCompilerABI.cpp.obj]
  ignore line: [/usr/local/bin/arm-none-eabi-g++    -mcpu=cortex-m0  -mthumb -mthumb-interwork -ffunction-sections -fdata-sections     -g -fno-common -fmessage-length=0 -specs=nosys.specs -specs=nano.specs -std=c++11    -v -o CMakeFiles/cmTC_1aef2.dir/CMakeCXXCompilerABI.cpp.obj -c /Applications/CLion.app/Contents/bin/cmake/mac/share/cmake-3.14/Modules/CMakeCXXCompilerABI.cpp]
  ignore line: [Using built-in specs.]
  ignore line: [Reading specs from /usr/local/Cellar/gcc-arm-none-eabi-63/20170628/bin/../lib/gcc/arm-none-eabi/6.3.1/../../../../arm-none-eabi/lib/nosys.specs]
  ignore line: [rename spec link_gcc_c_sequence to nosys_link_gcc_c_sequence]
  ignore line: [Reading specs from /usr/local/Cellar/gcc-arm-none-eabi-63/20170628/bin/../lib/gcc/arm-none-eabi/6.3.1/../../../../arm-none-eabi/lib/nano.specs]
  ignore line: [rename spec link to nano_link]
  ignore line: [rename spec link_gcc_c_sequence to nano_link_gcc_c_sequence]
  ignore line: [rename spec cpp_unique_options to nano_cpp_unique_options]
  ignore line: [COLLECT_GCC=/usr/local/bin/arm-none-eabi-g++]
  ignore line: [Target: arm-none-eabi]
  ignore line: [Configured with: /tmp/jenkins-GCC-6-build_build-toolchain-mac-262_20170621_1498074986/src/gcc/configure --target=arm-none-eabi --prefix=/tmp/jenkins-GCC-6-build_build-toolchain-mac-262_20170621_1498074986/install-native --libexecdir=/tmp/jenkins-GCC-6-build_build-toolchain-mac-262_20170621_1498074986/install-native/lib --infodir=/tmp/jenkins-GCC-6-build_build-toolchain-mac-262_20170621_1498074986/install-native/share/doc/gcc-arm-none-eabi/info --mandir=/tmp/jenkins-GCC-6-build_build-toolchain-mac-262_20170621_1498074986/install-native/share/doc/gcc-arm-none-eabi/man --htmldir=/tmp/jenkins-GCC-6-build_build-toolchain-mac-262_20170621_1498074986/install-native/share/doc/gcc-arm-none-eabi/html --pdfdir=/tmp/jenkins-GCC-6-build_build-toolchain-mac-262_20170621_1498074986/install-native/share/doc/gcc-arm-none-eabi/pdf --enable-languages=c,c++ --enable-plugins --disable-decimal-float --disable-libffi --disable-libgomp --disable-libmudflap --disable-libquadmath --disable-libssp --disable-libstdcxx-pch --disable-nls --disable-shared --disable-threads --disable-tls --with-gnu-as --with-gnu-ld --with-newlib --with-headers=yes --with-python-dir=share/gcc-arm-none-eabi --with-sysroot=/tmp/jenkins-GCC-6-build_build-toolchain-mac-262_20170621_1498074986/install-native/arm-none-eabi --build=x86_64-apple-darwin10 --host=x86_64-apple-darwin10 --with-gmp=/tmp/jenkins-GCC-6-build_build-toolchain-mac-262_20170621_1498074986/build-native/host-libs/usr --with-mpfr=/tmp/jenkins-GCC-6-build_build-toolchain-mac-262_20170621_1498074986/build-native/host-libs/usr --with-mpc=/tmp/jenkins-GCC-6-build_build-toolchain-mac-262_20170621_1498074986/build-native/host-libs/usr --with-isl=/tmp/jenkins-GCC-6-build_build-toolchain-mac-262_20170621_1498074986/build-native/host-libs/usr --with-libelf=/tmp/jenkins-GCC-6-build_build-toolchain-mac-262_20170621_1498074986/build-native/host-libs/usr --with-host-libstdcxx='-static-libgcc -Wl,-lstdc++ -lm' --with-pkgversion='GNU Tools for ARM Embedded Processors 6-2017-q2-update' --with-multilib-list=rmprofile]
  ignore line: [Thread model: single]
  ignore line: [gcc version 6.3.1 20170620 (release) [ARM/embedded-6-branch revision 249437] (GNU Tools for ARM Embedded Processors 6-2017-q2-update) ]
  ignore line: [COLLECT_GCC_OPTIONS='-mcpu=cortex-m0' '-mthumb' '-mthumb-interwork' '-ffunction-sections' '-fdata-sections' '-g' '-fno-common' '-fmessage-length=0' '-specs=nosys.specs' '-specs=nano.specs' '-std=c++11' '-v' '-o' 'CMakeFiles/cmTC_1aef2.dir/CMakeCXXCompilerABI.cpp.obj' '-c']
  ignore line: [ /usr/local/Cellar/gcc-arm-none-eabi-63/20170628/bin/../lib/gcc/arm-none-eabi/6.3.1/cc1plus -isystem =/include/newlib-nano -quiet -v -imultilib thumb/v6-m -iprefix /usr/local/Cellar/gcc-arm-none-eabi-63/20170628/bin/../lib/gcc/arm-none-eabi/6.3.1/ -isysroot /usr/local/Cellar/gcc-arm-none-eabi-63/20170628/bin/../arm-none-eabi -D__USES_INITFINI__ /Applications/CLion.app/Contents/bin/cmake/mac/share/cmake-3.14/Modules/CMakeCXXCompilerABI.cpp -quiet -dumpbase CMakeCXXCompilerABI.cpp -mcpu=cortex-m0 -mthumb -mthumb-interwork -auxbase-strip CMakeFiles/cmTC_1aef2.dir/CMakeCXXCompilerABI.cpp.obj -g -std=c++11 -version -ffunction-sections -fdata-sections -fno-common -fmessage-length=0 -o /var/folders/yr/y1zpv0pj4x1c42lkb13j_mzr0000gn/T//ccLCj3HQ.s]
  ignore line: [GNU C++11 (GNU Tools for ARM Embedded Processors 6-2017-q2-update) version 6.3.1 20170620 (release) [ARM/embedded-6-branch revision 249437] (arm-none-eabi)]
  ignore line: [	compiled by GNU C version 5.4.0, GMP version 6.1.0, MPFR version 3.1.4, MPC version 1.0.3, isl version 0.15]
  ignore line: [GGC heuristics: --param ggc-min-expand=100 --param ggc-min-heapsize=131072]
  ignore line: [ignoring duplicate directory "/usr/local/Cellar/gcc-arm-none-eabi-63/20170628/bin/../lib/gcc/../../lib/gcc/arm-none-eabi/6.3.1/../../../../arm-none-eabi/include/c++/6.3.1"]
  ignore line: [ignoring duplicate directory "/usr/local/Cellar/gcc-arm-none-eabi-63/20170628/bin/../lib/gcc/../../lib/gcc/arm-none-eabi/6.3.1/../../../../arm-none-eabi/include/c++/6.3.1/arm-none-eabi/thumb/v6-m"]
  ignore line: [ignoring duplicate directory "/usr/local/Cellar/gcc-arm-none-eabi-63/20170628/bin/../lib/gcc/../../lib/gcc/arm-none-eabi/6.3.1/../../../../arm-none-eabi/include/c++/6.3.1/backward"]
  ignore line: [ignoring duplicate directory "/usr/local/Cellar/gcc-arm-none-eabi-63/20170628/bin/../lib/gcc/../../lib/gcc/arm-none-eabi/6.3.1/include"]
  ignore line: [ignoring nonexistent directory "/usr/local/Cellar/gcc-arm-none-eabi-63/20170628/bin/../arm-none-eabi/usr/local/include"]
  ignore line: [ignoring duplicate directory "/usr/local/Cellar/gcc-arm-none-eabi-63/20170628/bin/../lib/gcc/../../lib/gcc/arm-none-eabi/6.3.1/include-fixed"]
  ignore line: [ignoring duplicate directory "/usr/local/Cellar/gcc-arm-none-eabi-63/20170628/bin/../lib/gcc/../../lib/gcc/arm-none-eabi/6.3.1/../../../../arm-none-eabi/include"]
  ignore line: [ignoring nonexistent directory "/usr/local/Cellar/gcc-arm-none-eabi-63/20170628/bin/../arm-none-eabi/usr/include"]
  ignore line: [#include "..." search starts here:]
  ignore line: [#include <...> search starts here:]
  ignore line: [ /usr/local/Cellar/gcc-arm-none-eabi-63/20170628/bin/../arm-none-eabi/include/newlib-nano]
  ignore line: [ /usr/local/Cellar/gcc-arm-none-eabi-63/20170628/bin/../lib/gcc/arm-none-eabi/6.3.1/../../../../arm-none-eabi/include/c++/6.3.1]
  ignore line: [ /usr/local/Cellar/gcc-arm-none-eabi-63/20170628/bin/../lib/gcc/arm-none-eabi/6.3.1/../../../../arm-none-eabi/include/c++/6.3.1/arm-none-eabi/thumb/v6-m]
  ignore line: [ /usr/local/Cellar/gcc-arm-none-eabi-63/20170628/bin/../lib/gcc/arm-none-eabi/6.3.1/../../../../arm-none-eabi/include/c++/6.3.1/backward]
  ignore line: [ /usr/local/Cellar/gcc-arm-none-eabi-63/20170628/bin/../lib/gcc/arm-none-eabi/6.3.1/include]
  ignore line: [ /usr/local/Cellar/gcc-arm-none-eabi-63/20170628/bin/../lib/gcc/arm-none-eabi/6.3.1/include-fixed]
  ignore line: [ /usr/local/Cellar/gcc-arm-none-eabi-63/20170628/bin/../lib/gcc/arm-none-eabi/6.3.1/../../../../arm-none-eabi/include]
  ignore line: [End of search list.]
  ignore line: [GNU C++11 (GNU Tools for ARM Embedded Processors 6-2017-q2-update) version 6.3.1 20170620 (release) [ARM/embedded-6-branch revision 249437] (arm-none-eabi)]
  ignore line: [	compiled by GNU C version 5.4.0, GMP version 6.1.0, MPFR version 3.1.4, MPC version 1.0.3, isl version 0.15]
  ignore line: [GGC heuristics: --param ggc-min-expand=100 --param ggc-min-heapsize=131072]
  ignore line: [Compiler executable checksum: 8ddfff81fa2b49065bc3c5a9d65d3f19]
  ignore line: [COLLECT_GCC_OPTIONS='-mcpu=cortex-m0' '-mthumb' '-mthumb-interwork' '-ffunction-sections' '-fdata-sections' '-g' '-fno-common' '-fmessage-length=0' '-specs=nosys.specs' '-specs=nano.specs' '-std=c++11' '-v' '-o' 'CMakeFiles/cmTC_1aef2.dir/CMakeCXXCompilerABI.cpp.obj' '-c']
  ignore line: [ /usr/local/Cellar/gcc-arm-none-eabi-63/20170628/bin/../lib/gcc/arm-none-eabi/6.3.1/../../../../arm-none-eabi/bin/as -v -mcpu=cortex-m0 -mthumb-interwork -meabi=5 -o CMakeFiles/cmTC_1aef2.dir/CMakeCXXCompilerABI.cpp.obj /var/folders/yr/y1zpv0pj4x1c42lkb13j_mzr0000gn/T//ccLCj3HQ.s]
  ignore line: [GNU assembler version 2.28.0 (arm-none-eabi) using BFD version (GNU Tools for ARM Embedded Processors 6-2017-q2-update) 2.28.0.20170620]
  ignore line: [COMPILER_PATH=/usr/local/Cellar/gcc-arm-none-eabi-63/20170628/bin/../lib/gcc/arm-none-eabi/6.3.1/:/usr/local/Cellar/gcc-arm-none-eabi-63/20170628/bin/../lib/gcc/:/usr/local/Cellar/gcc-arm-none-eabi-63/20170628/bin/../lib/gcc/arm-none-eabi/6.3.1/../../../../arm-none-eabi/bin/]
  ignore line: [LIBRARY_PATH=/usr/local/Cellar/gcc-arm-none-eabi-63/20170628/bin/../lib/gcc/arm-none-eabi/6.3.1/thumb/v6-m/:/usr/local/Cellar/gcc-arm-none-eabi-63/20170628/bin/../lib/gcc/arm-none-eabi/6.3.1/../../../../arm-none-eabi/lib/thumb/v6-m/:/usr/local/Cellar/gcc-arm-none-eabi-63/20170628/bin/../arm-none-eabi/lib/thumb/v6-m/:/usr/local/Cellar/gcc-arm-none-eabi-63/20170628/bin/../lib/gcc/arm-none-eabi/6.3.1/:/usr/local/Cellar/gcc-arm-none-eabi-63/20170628/bin/../lib/gcc/:/usr/local/Cellar/gcc-arm-none-eabi-63/20170628/bin/../lib/gcc/arm-none-eabi/6.3.1/../../../../arm-none-eabi/lib/:/usr/local/Cellar/gcc-arm-none-eabi-63/20170628/bin/../arm-none-eabi/lib/]
  ignore line: [COLLECT_GCC_OPTIONS='-mcpu=cortex-m0' '-mthumb' '-mthumb-interwork' '-ffunction-sections' '-fdata-sections' '-g' '-fno-common' '-fmessage-length=0' '-specs=nosys.specs' '-specs=nano.specs' '-std=c++11' '-v' '-o' 'CMakeFiles/cmTC_1aef2.dir/CMakeCXXCompilerABI.cpp.obj' '-c']
  ignore line: [Linking CXX executable cmTC_1aef2]
  ignore line: [/Applications/CLion.app/Contents/bin/cmake/mac/bin/cmake -E cmake_link_script CMakeFiles/cmTC_1aef2.dir/link.txt --verbose=1]
  ignore line: [/usr/local/bin/arm-none-eabi-g++  -mcpu=cortex-m0  -mthumb -mthumb-interwork -ffunction-sections -fdata-sections     -g -fno-common -fmessage-length=0 -specs=nosys.specs -specs=nano.specs -std=c++11   -Wl,-gc-sections,--print-memory-usage -T /Users/vitaliy/rg69_bme280/STM32F031F6Px_FLASH.ld -v CMakeFiles/cmTC_1aef2.dir/CMakeCXXCompilerABI.cpp.obj  -o cmTC_1aef2 ]
  ignore line: [Using built-in specs.]
  ignore line: [Reading specs from /usr/local/Cellar/gcc-arm-none-eabi-63/20170628/bin/../lib/gcc/arm-none-eabi/6.3.1/../../../../arm-none-eabi/lib/nosys.specs]
  ignore line: [rename spec link_gcc_c_sequence to nosys_link_gcc_c_sequence]
  ignore line: [Reading specs from /usr/local/Cellar/gcc-arm-none-eabi-63/20170628/bin/../lib/gcc/arm-none-eabi/6.3.1/../../../../arm-none-eabi/lib/nano.specs]
  ignore line: [rename spec link to nano_link]
  ignore line: [rename spec link_gcc_c_sequence to nano_link_gcc_c_sequence]
  ignore line: [rename spec cpp_unique_options to nano_cpp_unique_options]
  ignore line: [COLLECT_GCC=/usr/local/bin/arm-none-eabi-g++]
  ignore line: [COLLECT_LTO_WRAPPER=/usr/local/Cellar/gcc-arm-none-eabi-63/20170628/bin/../lib/gcc/arm-none-eabi/6.3.1/lto-wrapper]
  ignore line: [Target: arm-none-eabi]
  ignore line: [Configured with: /tmp/jenkins-GCC-6-build_build-toolchain-mac-262_20170621_1498074986/src/gcc/configure --target=arm-none-eabi --prefix=/tmp/jenkins-GCC-6-build_build-toolchain-mac-262_20170621_1498074986/install-native --libexecdir=/tmp/jenkins-GCC-6-build_build-toolchain-mac-262_20170621_1498074986/install-native/lib --infodir=/tmp/jenkins-GCC-6-build_build-toolchain-mac-262_20170621_1498074986/install-native/share/doc/gcc-arm-none-eabi/info --mandir=/tmp/jenkins-GCC-6-build_build-toolchain-mac-262_20170621_1498074986/install-native/share/doc/gcc-arm-none-eabi/man --htmldir=/tmp/jenkins-GCC-6-build_build-toolchain-mac-262_20170621_1498074986/install-native/share/doc/gcc-arm-none-eabi/html --pdfdir=/tmp/jenkins-GCC-6-build_build-toolchain-mac-262_20170621_1498074986/install-native/share/doc/gcc-arm-none-eabi/pdf --enable-languages=c,c++ --enable-plugins --disable-decimal-float --disable-libffi --disable-libgomp --disable-libmudflap --disable-libquadmath --disable-libssp --disable-libstdcxx-pch --disable-nls --disable-shared --disable-threads --disable-tls --with-gnu-as --with-gnu-ld --with-newlib --with-headers=yes --with-python-dir=share/gcc-arm-none-eabi --with-sysroot=/tmp/jenkins-GCC-6-build_build-toolchain-mac-262_20170621_1498074986/install-native/arm-none-eabi --build=x86_64-apple-darwin10 --host=x86_64-apple-darwin10 --with-gmp=/tmp/jenkins-GCC-6-build_build-toolchain-mac-262_20170621_1498074986/build-native/host-libs/usr --with-mpfr=/tmp/jenkins-GCC-6-build_build-toolchain-mac-262_20170621_1498074986/build-native/host-libs/usr --with-mpc=/tmp/jenkins-GCC-6-build_build-toolchain-mac-262_20170621_1498074986/build-native/host-libs/usr --with-isl=/tmp/jenkins-GCC-6-build_build-toolchain-mac-262_20170621_1498074986/build-native/host-libs/usr --with-libelf=/tmp/jenkins-GCC-6-build_build-toolchain-mac-262_20170621_1498074986/build-native/host-libs/usr --with-host-libstdcxx='-static-libgcc -Wl,-lstdc++ -lm' --with-pkgversion='GNU Tools for ARM Embedded Processors 6-2017-q2-update' --with-multilib-list=rmprofile]
  ignore line: [Thread model: single]
  ignore line: [gcc version 6.3.1 20170620 (release) [ARM/embedded-6-branch revision 249437] (GNU Tools for ARM Embedded Processors 6-2017-q2-update) ]
  ignore line: [COMPILER_PATH=/usr/local/Cellar/gcc-arm-none-eabi-63/20170628/bin/../lib/gcc/arm-none-eabi/6.3.1/:/usr/local/Cellar/gcc-arm-none-eabi-63/20170628/bin/../lib/gcc/:/usr/local/Cellar/gcc-arm-none-eabi-63/20170628/bin/../lib/gcc/arm-none-eabi/6.3.1/../../../../arm-none-eabi/bin/]
  ignore line: [LIBRARY_PATH=/usr/local/Cellar/gcc-arm-none-eabi-63/20170628/bin/../lib/gcc/arm-none-eabi/6.3.1/thumb/v6-m/:/usr/local/Cellar/gcc-arm-none-eabi-63/20170628/bin/../lib/gcc/arm-none-eabi/6.3.1/../../../../arm-none-eabi/lib/thumb/v6-m/:/usr/local/Cellar/gcc-arm-none-eabi-63/20170628/bin/../arm-none-eabi/lib/thumb/v6-m/:/usr/local/Cellar/gcc-arm-none-eabi-63/20170628/bin/../lib/gcc/arm-none-eabi/6.3.1/:/usr/local/Cellar/gcc-arm-none-eabi-63/20170628/bin/../lib/gcc/:/usr/local/Cellar/gcc-arm-none-eabi-63/20170628/bin/../lib/gcc/arm-none-eabi/6.3.1/../../../../arm-none-eabi/lib/:/usr/local/Cellar/gcc-arm-none-eabi-63/20170628/bin/../arm-none-eabi/lib/]
  ignore line: [COLLECT_GCC_OPTIONS='-mcpu=cortex-m0' '-mthumb' '-mthumb-interwork' '-ffunction-sections' '-fdata-sections' '-g' '-fno-common' '-fmessage-length=0' '-specs=nosys.specs' '-specs=nano.specs' '-std=c++11' '-T' '/Users/vitaliy/rg69_bme280/STM32F031F6Px_FLASH.ld' '-v' '-o' 'cmTC_1aef2']
  link line: [ /usr/local/Cellar/gcc-arm-none-eabi-63/20170628/bin/../lib/gcc/arm-none-eabi/6.3.1/collect2 -plugin /usr/local/Cellar/gcc-arm-none-eabi-63/20170628/bin/../lib/gcc/arm-none-eabi/6.3.1/liblto_plugin.so -plugin-opt=/usr/local/Cellar/gcc-arm-none-eabi-63/20170628/bin/../lib/gcc/arm-none-eabi/6.3.1/lto-wrapper -plugin-opt=-fresolution=/var/folders/yr/y1zpv0pj4x1c42lkb13j_mzr0000gn/T//ccNjfBuw.res -plugin-opt=-pass-through=-lgcc -plugin-opt=-pass-through=-lg_nano -plugin-opt=-pass-through=-lc_nano -plugin-opt=-pass-through=-lgcc -plugin-opt=-pass-through=-lc_nano -plugin-opt=-pass-through=-lnosys -plugin-opt=-pass-through=-lgcc -plugin-opt=-pass-through=-lc_nano -plugin-opt=-pass-through=-lnosys --sysroot=/usr/local/Cellar/gcc-arm-none-eabi-63/20170628/bin/../arm-none-eabi -X -o cmTC_1aef2 /usr/local/Cellar/gcc-arm-none-eabi-63/20170628/bin/../lib/gcc/arm-none-eabi/6.3.1/thumb/v6-m/crti.o /usr/local/Cellar/gcc-arm-none-eabi-63/20170628/bin/../lib/gcc/arm-none-eabi/6.3.1/thumb/v6-m/crtbegin.o /usr/local/Cellar/gcc-arm-none-eabi-63/20170628/bin/../lib/gcc/arm-none-eabi/6.3.1/../../../../arm-none-eabi/lib/thumb/v6-m/crt0.o -L/usr/local/Cellar/gcc-arm-none-eabi-63/20170628/bin/../lib/gcc/arm-none-eabi/6.3.1/thumb/v6-m -L/usr/local/Cellar/gcc-arm-none-eabi-63/20170628/bin/../lib/gcc/arm-none-eabi/6.3.1/../../../../arm-none-eabi/lib/thumb/v6-m -L/usr/local/Cellar/gcc-arm-none-eabi-63/20170628/bin/../arm-none-eabi/lib/thumb/v6-m -L/usr/local/Cellar/gcc-arm-none-eabi-63/20170628/bin/../lib/gcc/arm-none-eabi/6.3.1 -L/usr/local/Cellar/gcc-arm-none-eabi-63/20170628/bin/../lib/gcc -L/usr/local/Cellar/gcc-arm-none-eabi-63/20170628/bin/../lib/gcc/arm-none-eabi/6.3.1/../../../../arm-none-eabi/lib -L/usr/local/Cellar/gcc-arm-none-eabi-63/20170628/bin/../arm-none-eabi/lib -gc-sections --print-memory-usage CMakeFiles/cmTC_1aef2.dir/CMakeCXXCompilerABI.cpp.obj -lstdc++_nano -lm --start-group -lgcc -lg_nano -lc_nano --end-group --start-group -lgcc -lc_nano -lnosys --end-group --start-group -lgcc -lc_nano -lnosys --end-group /usr/local/Cellar/gcc-arm-none-eabi-63/20170628/bin/../lib/gcc/arm-none-eabi/6.3.1/thumb/v6-m/crtend.o /usr/local/Cellar/gcc-arm-none-eabi-63/20170628/bin/../lib/gcc/arm-none-eabi/6.3.1/thumb/v6-m/crtn.o -T /Users/vitaliy/rg69_bme280/STM32F031F6Px_FLASH.ld]
    arg [/usr/local/Cellar/gcc-arm-none-eabi-63/20170628/bin/../lib/gcc/arm-none-eabi/6.3.1/collect2] ==> ignore
    arg [-plugin] ==> ignore
    arg [/usr/local/Cellar/gcc-arm-none-eabi-63/20170628/bin/../lib/gcc/arm-none-eabi/6.3.1/liblto_plugin.so] ==> ignore
    arg [-plugin-opt=/usr/local/Cellar/gcc-arm-none-eabi-63/20170628/bin/../lib/gcc/arm-none-eabi/6.3.1/lto-wrapper] ==> ignore
    arg [-plugin-opt=-fresolution=/var/folders/yr/y1zpv0pj4x1c42lkb13j_mzr0000gn/T//ccNjfBuw.res] ==> ignore
    arg [-plugin-opt=-pass-through=-lgcc] ==> ignore
    arg [-plugin-opt=-pass-through=-lg_nano] ==> ignore
    arg [-plugin-opt=-pass-through=-lc_nano] ==> ignore
    arg [-plugin-opt=-pass-through=-lgcc] ==> ignore
    arg [-plugin-opt=-pass-through=-lc_nano] ==> ignore
    arg [-plugin-opt=-pass-through=-lnosys] ==> ignore
    arg [-plugin-opt=-pass-through=-lgcc] ==> ignore
    arg [-plugin-opt=-pass-through=-lc_nano] ==> ignore
    arg [-plugin-opt=-pass-through=-lnosys] ==> ignore
    arg [--sysroot=/usr/local/Cellar/gcc-arm-none-eabi-63/20170628/bin/../arm-none-eabi] ==> ignore
    arg [-X] ==> ignore
    arg [-o] ==> ignore
    arg [cmTC_1aef2] ==> ignore
    arg [/usr/local/Cellar/gcc-arm-none-eabi-63/20170628/bin/../lib/gcc/arm-none-eabi/6.3.1/thumb/v6-m/crti.o] ==> ignore
    arg [/usr/local/Cellar/gcc-arm-none-eabi-63/20170628/bin/../lib/gcc/arm-none-eabi/6.3.1/thumb/v6-m/crtbegin.o] ==> ignore
    arg [/usr/local/Cellar/gcc-arm-none-eabi-63/20170628/bin/../lib/gcc/arm-none-eabi/6.3.1/../../../../arm-none-eabi/lib/thumb/v6-m/crt0.o] ==> ignore
    arg [-L/usr/local/Cellar/gcc-arm-none-eabi-63/20170628/bin/../lib/gcc/arm-none-eabi/6.3.1/thumb/v6-m] ==> dir [/usr/local/Cellar/gcc-arm-none-eabi-63/20170628/bin/../lib/gcc/arm-none-eabi/6.3.1/thumb/v6-m]
    arg [-L/usr/local/Cellar/gcc-arm-none-eabi-63/20170628/bin/../lib/gcc/arm-none-eabi/6.3.1/../../../../arm-none-eabi/lib/thumb/v6-m] ==> dir [/usr/local/Cellar/gcc-arm-none-eabi-63/20170628/bin/../lib/gcc/arm-none-eabi/6.3.1/../../../../arm-none-eabi/lib/thumb/v6-m]
    arg [-L/usr/local/Cellar/gcc-arm-none-eabi-63/20170628/bin/../arm-none-eabi/lib/thumb/v6-m] ==> dir [/usr/local/Cellar/gcc-arm-none-eabi-63/20170628/bin/../arm-none-eabi/lib/thumb/v6-m]
    arg [-L/usr/local/Cellar/gcc-arm-none-eabi-63/20170628/bin/../lib/gcc/arm-none-eabi/6.3.1] ==> dir [/usr/local/Cellar/gcc-arm-none-eabi-63/20170628/bin/../lib/gcc/arm-none-eabi/6.3.1]
    arg [-L/usr/local/Cellar/gcc-arm-none-eabi-63/20170628/bin/../lib/gcc] ==> dir [/usr/local/Cellar/gcc-arm-none-eabi-63/20170628/bin/../lib/gcc]
    arg [-L/usr/local/Cellar/gcc-arm-none-eabi-63/20170628/bin/../lib/gcc/arm-none-eabi/6.3.1/../../../../arm-none-eabi/lib] ==> dir [/usr/local/Cellar/gcc-arm-none-eabi-63/20170628/bin/../lib/gcc/arm-none-eabi/6.3.1/../../../../arm-none-eabi/lib]
    arg [-L/usr/local/Cellar/gcc-arm-none-eabi-63/20170628/bin/../arm-none-eabi/lib] ==> dir [/usr/local/Cellar/gcc-arm-none-eabi-63/20170628/bin/../arm-none-eabi/lib]
    arg [-gc-sections] ==> ignore
    arg [--print-memory-usage] ==> ignore
    arg [CMakeFiles/cmTC_1aef2.dir/CMakeCXXCompilerABI.cpp.obj] ==> ignore
    arg [-lstdc++_nano] ==> lib [stdc++_nano]
    arg [-lm] ==> lib [m]
    arg [--start-group] ==> ignore
    arg [-lgcc] ==> lib [gcc]
    arg [-lg_nano] ==> lib [g_nano]
    arg [-lc_nano] ==> lib [c_nano]
    arg [--end-group] ==> ignore
    arg [--start-group] ==> ignore
    arg [-lgcc] ==> lib [gcc]
    arg [-lc_nano] ==> lib [c_nano]
    arg [-lnosys] ==> lib [nosys]
    arg [--end-group] ==> ignore
    arg [--start-group] ==> ignore
    arg [-lgcc] ==> lib [gcc]
    arg [-lc_nano] ==> lib [c_nano]
    arg [-lnosys] ==> lib [nosys]
    arg [--end-group] ==> ignore
    arg [/usr/local/Cellar/gcc-arm-none-eabi-63/20170628/bin/../lib/gcc/arm-none-eabi/6.3.1/thumb/v6-m/crtend.o] ==> ignore
    arg [/usr/local/Cellar/gcc-arm-none-eabi-63/20170628/bin/../lib/gcc/arm-none-eabi/6.3.1/thumb/v6-m/crtn.o] ==> ignore
    arg [-T] ==> ignore
    arg [/Users/vitaliy/rg69_bme280/STM32F031F6Px_FLASH.ld] ==> ignore
  collapse library dir [/usr/local/Cellar/gcc-arm-none-eabi-63/20170628/bin/../lib/gcc/arm-none-eabi/6.3.1/thumb/v6-m] ==> [/usr/local/Cellar/gcc-arm-none-eabi-63/20170628/lib/gcc/arm-none-eabi/6.3.1/thumb/v6-m]
  collapse library dir [/usr/local/Cellar/gcc-arm-none-eabi-63/20170628/bin/../lib/gcc/arm-none-eabi/6.3.1/../../../../arm-none-eabi/lib/thumb/v6-m] ==> [/usr/local/Cellar/gcc-arm-none-eabi-63/20170628/arm-none-eabi/lib/thumb/v6-m]
  collapse library dir [/usr/local/Cellar/gcc-arm-none-eabi-63/20170628/bin/../arm-none-eabi/lib/thumb/v6-m] ==> [/usr/local/Cellar/gcc-arm-none-eabi-63/20170628/arm-none-eabi/lib/thumb/v6-m]
  collapse library dir [/usr/local/Cellar/gcc-arm-none-eabi-63/20170628/bin/../lib/gcc/arm-none-eabi/6.3.1] ==> [/usr/local/Cellar/gcc-arm-none-eabi-63/20170628/lib/gcc/arm-none-eabi/6.3.1]
  collapse library dir [/usr/local/Cellar/gcc-arm-none-eabi-63/20170628/bin/../lib/gcc] ==> [/usr/local/Cellar/gcc-arm-none-eabi-63/20170628/lib/gcc]
  collapse library dir [/usr/local/Cellar/gcc-arm-none-eabi-63/20170628/bin/../lib/gcc/arm-none-eabi/6.3.1/../../../../arm-none-eabi/lib] ==> [/usr/local/Cellar/gcc-arm-none-eabi-63/20170628/arm-none-eabi/lib]
  collapse library dir [/usr/local/Cellar/gcc-arm-none-eabi-63/20170628/bin/../arm-none-eabi/lib] ==> [/usr/local/Cellar/gcc-arm-none-eabi-63/20170628/arm-none-eabi/lib]
  implicit libs: [stdc++_nano;m;gcc;g_nano;c_nano;gcc;c_nano;nosys;gcc;c_nano;nosys]
  implicit dirs: [/usr/local/Cellar/gcc-arm-none-eabi-63/20170628/lib/gcc/arm-none-eabi/6.3.1/thumb/v6-m;/usr/local/Cellar/gcc-arm-none-eabi-63/20170628/arm-none-eabi/lib/thumb/v6-m;/usr/local/Cellar/gcc-arm-none-eabi-63/20170628/lib/gcc/arm-none-eabi/6.3.1;/usr/local/Cellar/gcc-arm-none-eabi-63/20170628/lib/gcc;/usr/local/Cellar/gcc-arm-none-eabi-63/20170628/arm-none-eabi/lib]
  implicit fwks: []




Detecting CXX [-std=c++1z] compiler features compiled with the following output:
Change Dir: /Users/vitaliy/rg69_bme280/cmake-build-debug/CMakeFiles/CMakeTmp

Run Build Command(s):/usr/local/bin/gmake cmTC_01a64/fast 
/usr/local/bin/gmake -f CMakeFiles/cmTC_01a64.dir/build.make CMakeFiles/cmTC_01a64.dir/build
gmake[1]: Entering directory '/Users/vitaliy/rg69_bme280/cmake-build-debug/CMakeFiles/CMakeTmp'
Building CXX object CMakeFiles/cmTC_01a64.dir/feature_tests.cxx.obj
/usr/local/bin/arm-none-eabi-g++    -mcpu=cortex-m0  -mthumb -mthumb-interwork -ffunction-sections -fdata-sections     -g -fno-common -fmessage-length=0 -specs=nosys.specs -specs=nano.specs -std=c++11    -std=c++1z -o CMakeFiles/cmTC_01a64.dir/feature_tests.cxx.obj -c /Users/vitaliy/rg69_bme280/cmake-build-debug/CMakeFiles/feature_tests.cxx
Linking CXX executable cmTC_01a64
/Applications/CLion.app/Contents/bin/cmake/mac/bin/cmake -E cmake_link_script CMakeFiles/cmTC_01a64.dir/link.txt --verbose=1
/usr/local/bin/arm-none-eabi-g++  -mcpu=cortex-m0  -mthumb -mthumb-interwork -ffunction-sections -fdata-sections     -g -fno-common -fmessage-length=0 -specs=nosys.specs -specs=nano.specs -std=c++11   -Wl,-gc-sections,--print-memory-usage -T /Users/vitaliy/rg69_bme280/STM32F031F6Px_FLASH.ld  CMakeFiles/cmTC_01a64.dir/feature_tests.cxx.obj  -o cmTC_01a64 
Memory region         Used Size  Region Size  %age Used
             RAM:        1568 B         4 KB     38.28%
           FLASH:         128 B        32 KB      0.39/usr/local/Cellar/gcc-arm-none-eabi-63/20170628/bin/../lib/gcc/arm-none-eabi/6.3.1/../../../../arm-none-eabi/bin/ld: warning: cannot find entry symbol Reset_Handler; defaulting to 0000000008000000
%
gmake[1]: Leaving directory '/Users/vitaliy/rg69_bme280/cmake-build-debug/CMakeFiles/CMakeTmp'




Detecting CXX [-std=c++14] compiler features compiled with the following output:
Change Dir: /Users/vitaliy/rg69_bme280/cmake-build-debug/CMakeFiles/CMakeTmp

Run Build Command(s):/usr/local/bin/gmake cmTC_7a9a4/fast 
/usr/local/bin/gmake -f CMakeFiles/cmTC_7a9a4.dir/build.make CMakeFiles/cmTC_7a9a4.dir/build
gmake[1]: Entering directory '/Users/vitaliy/rg69_bme280/cmake-build-debug/CMakeFiles/CMakeTmp'
Building CXX object CMakeFiles/cmTC_7a9a4.dir/feature_tests.cxx.obj
/usr/local/bin/arm-none-eabi-g++    -mcpu=cortex-m0  -mthumb -mthumb-interwork -ffunction-sections -fdata-sections     -g -fno-common -fmessage-length=0 -specs=nosys.specs -specs=nano.specs -std=c++11    -std=c++14 -o CMakeFiles/cmTC_7a9a4.dir/feature_tests.cxx.obj -c /Users/vitaliy/rg69_bme280/cmake-build-debug/CMakeFiles/feature_tests.cxx
Linking CXX executable cmTC_7a9a4
/Applications/CLion.app/Contents/bin/cmake/mac/bin/cmake -E cmake_link_script CMakeFiles/cmTC_7a9a4.dir/link.txt --verbose=1
/usr/local/bin/arm-none-eabi-g++  -mcpu=cortex-m0  -mthumb -mthumb-interwork -ffunction-sections -fdata-sections     -g -fno-common -fmessage-length=0 -specs=nosys.specs -specs=nano.specs -std=c++11   -Wl,-gc-sections,--print-memory-usage -T /Users/vitaliy/rg69_bme280/STM32F031F6Px_FLASH.ld  CMakeFiles/cmTC_7a9a4.dir/feature_tests.cxx.obj  -o cmTC_7a9a4 
Memory region         Used Size  Region Size  %age Used
             RAM:        1568 B         4 KB     38.28%
           FLASH:         128 B        32 KB      0.39/usr/local/Cellar/gcc-arm-none-eabi-63/20170628/bin/../lib/gcc/arm-none-eabi/6.3.1/../../../../arm-none-eabi/bin/ld: warning: cannot find entry symbol Reset_Handler; defaulting to 0000000008000000
%
gmake[1]: Leaving directory '/Users/vitaliy/rg69_bme280/cmake-build-debug/CMakeFiles/CMakeTmp'




Detecting CXX [-std=c++11] compiler features compiled with the following output:
Change Dir: /Users/vitaliy/rg69_bme280/cmake-build-debug/CMakeFiles/CMakeTmp

Run Build Command(s):/usr/local/bin/gmake cmTC_82387/fast 
/usr/local/bin/gmake -f CMakeFiles/cmTC_82387.dir/build.make CMakeFiles/cmTC_82387.dir/build
gmake[1]: Entering directory '/Users/vitaliy/rg69_bme280/cmake-build-debug/CMakeFiles/CMakeTmp'
Building CXX object CMakeFiles/cmTC_82387.dir/feature_tests.cxx.obj
/usr/local/bin/arm-none-eabi-g++    -mcpu=cortex-m0  -mthumb -mthumb-interwork -ffunction-sections -fdata-sections     -g -fno-common -fmessage-length=0 -specs=nosys.specs -specs=nano.specs -std=c++11    -std=c++11 -o CMakeFiles/cmTC_82387.dir/feature_tests.cxx.obj -c /Users/vitaliy/rg69_bme280/cmake-build-debug/CMakeFiles/feature_tests.cxx
Linking CXX executable cmTC_82387
/Applications/CLion.app/Contents/bin/cmake/mac/bin/cmake -E cmake_link_script CMakeFiles/cmTC_82387.dir/link.txt --verbose=1
/usr/local/bin/arm-none-eabi-g++  -mcpu=cortex-m0  -mthumb -mthumb-interwork -ffunction-sections -fdata-sections     -g -fno-common -fmessage-length=0 -specs=nosys.specs -specs=nano.specs -std=c++11   -Wl,-gc-sections,--print-memory-usage -T /Users/vitaliy/rg69_bme280/STM32F031F6Px_FLASH.ld  CMakeFiles/cmTC_82387.dir/feature_tests.cxx.obj  -o cmTC_82387 
Memory region         Used Size  Region Size  %age Used
             RAM:        1568 B         4 KB     38.28%
           FLASH:         128 B        32 KB      0.39/usr/local/Cellar/gcc-arm-none-eabi-63/20170628/bin/../lib/gcc/arm-none-eabi/6.3.1/../../../../arm-none-eabi/bin/ld: warning: cannot find entry symbol Reset_Handler; defaulting to 0000000008000000
%
gmake[1]: Leaving directory '/Users/vitaliy/rg69_bme280/cmake-build-debug/CMakeFiles/CMakeTmp'




Detecting CXX [-std=c++98] compiler features compiled with the following output:
Change Dir: /Users/vitaliy/rg69_bme280/cmake-build-debug/CMakeFiles/CMakeTmp

Run Build Command(s):/usr/local/bin/gmake cmTC_a90ab/fast 
/usr/local/bin/gmake -f CMakeFiles/cmTC_a90ab.dir/build.make CMakeFiles/cmTC_a90ab.dir/build
gmake[1]: Entering directory '/Users/vitaliy/rg69_bme280/cmake-build-debug/CMakeFiles/CMakeTmp'
Building CXX object CMakeFiles/cmTC_a90ab.dir/feature_tests.cxx.obj
/usr/local/bin/arm-none-eabi-g++    -mcpu=cortex-m0  -mthumb -mthumb-interwork -ffunction-sections -fdata-sections     -g -fno-common -fmessage-length=0 -specs=nosys.specs -specs=nano.specs -std=c++11    -std=c++98 -o CMakeFiles/cmTC_a90ab.dir/feature_tests.cxx.obj -c /Users/vitaliy/rg69_bme280/cmake-build-debug/CMakeFiles/feature_tests.cxx
Linking CXX executable cmTC_a90ab
/Applications/CLion.app/Contents/bin/cmake/mac/bin/cmake -E cmake_link_script CMakeFiles/cmTC_a90ab.dir/link.txt --verbose=1
/usr/local/bin/arm-none-eabi-g++  -mcpu=cortex-m0  -mthumb -mthumb-interwork -ffunction-sections -fdata-sections     -g -fno-common -fmessage-length=0 -specs=nosys.specs -specs=nano.specs -std=c++11   -Wl,-gc-sections,--print-memory-usage -T /Users/vitaliy/rg69_bme280/STM32F031F6Px_FLASH.ld  CMakeFiles/cmTC_a90ab.dir/feature_tests.cxx.obj  -o cmTC_a90ab 
Memory region         Used Size  Region Size  %age Used
             RAM:        1568 B         4 KB     38.28%
           FLASH:         128 B        32 KB      0.39/usr/local/Cellar/gcc-arm-none-eabi-63/20170628/bin/../lib/gcc/arm-none-eabi/6.3.1/../../../../arm-none-eabi/bin/ld: warning: cannot find entry symbol Reset_Handler; defaulting to 0000000008000000
%
gmake[1]: Leaving directory '/Users/vitaliy/rg69_bme280/cmake-build-debug/CMakeFiles/CMakeTmp'


